2023-11-02 14:18:07,678 [INFO] Activator:177 - 


2023-11-02 14:18:07,684 [INFO] Activator:178 - !SESSION log4j initialized
2023-11-02 14:18:12,400 [INFO] McuFinderGlobals:39 - Set McuFinder mode to 2 (CubeIDE integrated)
2023-11-02 14:18:17,091 [INFO] ApplicationProperties:181 - Using Application install path: D:\STMCubeIDE\STM32CubeIDE_1.7.0\STM32CubeIDE\plugins\com.st.stm32cube.common.mx_6.3.0.202107141111
2023-11-02 14:18:17,132 [INFO] DbMcusXml:74 - Set database path to: D:\STMCubeIDE\STM32CubeIDE_1.7.0\STM32CubeIDE\plugins\com.st.stm32cube.common.mx_6.3.0.202107141111\\db\/mcu/
2023-11-02 14:18:17,144 [INFO] DbBoardsPdsc:56 - Set plugin database path to: D:\STMCubeIDE\STM32CubeIDE_1.7.0\STM32CubeIDE\plugins\com.st.stm32cube.common.mx_6.3.0.202107141111\\db\/plugins/boardmanager/
2023-11-02 14:18:17,145 [INFO] DbMcus:258 - Set plugin images path to: D:\STMCubeIDE\STM32CubeIDE_1.7.0\STM32CubeIDE\plugins\com.st.stm32cube.common.mx_6.3.0.202107141111\\db\/plugins/mcufinder/images/
2023-11-02 14:18:17,147 [INFO] DbBoards:264 - Set plugin images path to: D:\STMCubeIDE\STM32CubeIDE_1.7.0\STM32CubeIDE\plugins\com.st.stm32cube.common.mx_6.3.0.202107141111\\db\/plugins/mcufinder/images/
2023-11-02 14:18:17,157 [INFO] DbExamples:333 - Set plugin images path to: D:\STMCubeIDE\STM32CubeIDE_1.7.0\STM32CubeIDE\plugins\com.st.stm32cube.common.mx_6.3.0.202107141111\\db\/plugins/mcufinder/images/
2023-11-02 14:18:17,171 [INFO] DbMcusAds:119 - Set database path to: C:\Users\ACER\.stmcufinder\plugins\mcufinder//mcu/
2023-11-02 14:18:17,175 [INFO] DbMcusDocs:110 - Set database path to: C:\Users\ACER\.stmcufinder\plugins\mcufinder//mcu/
2023-11-02 14:18:17,181 [INFO] DbMcusJson:64 - Set database path to: C:\Users\ACER\.stmcufinder\plugins\mcufinder//mcu/
2023-11-02 14:18:17,184 [INFO] DbBoardsDocs:110 - Set database path to: C:\Users\ACER\.stmcufinder\plugins\mcufinder//mcu/
2023-11-02 14:18:17,189 [INFO] DbBoardsJson:57 - Set database path to: C:\Users\ACER\.stmcufinder\plugins\mcufinder//mcu/
2023-11-02 14:18:17,197 [INFO] CrossReferenceDbSqlite:196 - Set database path to: C:\Users\ACER\.stmcufinder\plugins\mcufinder//mcu/cs/
2023-11-02 14:18:17,209 [INFO] DbExamplesSqlite:767 - Set database path to: C:\Users\ACER\.stmcufinder\plugins\mcufinder//mcu/
2023-11-02 14:18:17,551 [INFO] RulesReader:57 - Compatibility file has been processed (242 Rules)
2023-11-02 14:18:17,777 [INFO] DbMcusXml:74 - Set database path to: D:\STMCubeIDE\STM32CubeIDE_1.7.0\STM32CubeIDE\plugins\com.st.stm32cube.common.mx_6.3.0.202107141111\\db\/mcu/
2023-11-02 14:18:17,781 [INFO] DbBoardsPdsc:56 - Set plugin database path to: D:\STMCubeIDE\STM32CubeIDE_1.7.0\STM32CubeIDE\plugins\com.st.stm32cube.common.mx_6.3.0.202107141111\\db\/plugins/boardmanager/
2023-11-02 14:18:17,782 [INFO] DbMcus:258 - Set plugin images path to: D:\STMCubeIDE\STM32CubeIDE_1.7.0\STM32CubeIDE\plugins\com.st.stm32cube.common.mx_6.3.0.202107141111\\db\/plugins/mcufinder/images/
2023-11-02 14:18:17,782 [INFO] DbBoards:264 - Set plugin images path to: D:\STMCubeIDE\STM32CubeIDE_1.7.0\STM32CubeIDE\plugins\com.st.stm32cube.common.mx_6.3.0.202107141111\\db\/plugins/mcufinder/images/
2023-11-02 14:18:17,783 [INFO] DbExamples:333 - Set plugin images path to: D:\STMCubeIDE\STM32CubeIDE_1.7.0\STM32CubeIDE\plugins\com.st.stm32cube.common.mx_6.3.0.202107141111\\db\/plugins/mcufinder/images/
2023-11-02 14:18:17,783 [WARN] DbFile:35 - Overriding database path with different value: C:\Users\ACER\.stmcufinder\plugins\mcufinder/ => C:\Users\ACER\.stmcufinder\plugins\mcufinder
2023-11-02 14:18:17,784 [INFO] DbMcusAds:119 - Set database path to: C:\Users\ACER\.stmcufinder\plugins\mcufinder//mcu/
2023-11-02 14:18:17,785 [WARN] DbFile:35 - Overriding database path with different value: C:\Users\ACER\.stmcufinder\plugins\mcufinder/ => C:\Users\ACER\.stmcufinder\plugins\mcufinder
2023-11-02 14:18:17,785 [INFO] DbMcusDocs:110 - Set database path to: C:\Users\ACER\.stmcufinder\plugins\mcufinder//mcu/
2023-11-02 14:18:17,787 [WARN] DbFile:35 - Overriding database path with different value: C:\Users\ACER\.stmcufinder\plugins\mcufinder/ => C:\Users\ACER\.stmcufinder\plugins\mcufinder
2023-11-02 14:18:17,787 [INFO] DbMcusJson:64 - Set database path to: C:\Users\ACER\.stmcufinder\plugins\mcufinder//mcu/
2023-11-02 14:18:17,788 [WARN] DbFile:35 - Overriding database path with different value: C:\Users\ACER\.stmcufinder\plugins\mcufinder/ => C:\Users\ACER\.stmcufinder\plugins\mcufinder
2023-11-02 14:18:17,788 [INFO] DbBoardsDocs:110 - Set database path to: C:\Users\ACER\.stmcufinder\plugins\mcufinder//mcu/
2023-11-02 14:18:17,788 [WARN] DbFile:35 - Overriding database path with different value: C:\Users\ACER\.stmcufinder\plugins\mcufinder/ => C:\Users\ACER\.stmcufinder\plugins\mcufinder
2023-11-02 14:18:17,789 [INFO] DbBoardsJson:57 - Set database path to: C:\Users\ACER\.stmcufinder\plugins\mcufinder//mcu/
2023-11-02 14:18:17,789 [WARN] DbFile:35 - Overriding database path with different value: C:\Users\ACER\.stmcufinder\plugins\mcufinder/ => C:\Users\ACER\.stmcufinder\plugins\mcufinder
2023-11-02 14:18:17,789 [WARN] DbFile:35 - Overriding database path with different value: C:\Users\ACER\.stmcufinder\plugins\mcufinder/ => C:\Users\ACER\.stmcufinder\plugins\mcufinder
2023-11-02 14:18:17,790 [INFO] CrossReferenceDbSqlite:196 - Set database path to: C:\Users\ACER\.stmcufinder\plugins\mcufinder//mcu/cs/
2023-11-02 14:18:17,790 [WARN] DbFile:35 - Overriding database path with different value: C:\Users\ACER\.stmcufinder\plugins\mcufinder/ => C:\Users\ACER\.stmcufinder\plugins\mcufinder
2023-11-02 14:18:17,791 [INFO] DbExamplesSqlite:767 - Set database path to: C:\Users\ACER\.stmcufinder\plugins\mcufinder//mcu/
2023-11-02 14:18:17,978 [INFO] MainPanel:214 - HeapMemory: 268435456
2023-11-02 14:18:18,230 [INFO] DbMcusXml:74 - Set database path to: D:\STMCubeIDE\STM32CubeIDE_1.7.0\STM32CubeIDE\plugins\com.st.stm32cube.common.mx_6.3.0.202107141111\\db\/mcu/
2023-11-02 14:18:18,231 [INFO] DbBoardsPdsc:56 - Set plugin database path to: D:\STMCubeIDE\STM32CubeIDE_1.7.0\STM32CubeIDE\plugins\com.st.stm32cube.common.mx_6.3.0.202107141111\\db\/plugins/boardmanager/
2023-11-02 14:18:18,232 [INFO] DbMcus:258 - Set plugin images path to: D:\STMCubeIDE\STM32CubeIDE_1.7.0\STM32CubeIDE\plugins\com.st.stm32cube.common.mx_6.3.0.202107141111\\db\/plugins/mcufinder/images/
2023-11-02 14:18:18,232 [INFO] DbBoards:264 - Set plugin images path to: D:\STMCubeIDE\STM32CubeIDE_1.7.0\STM32CubeIDE\plugins\com.st.stm32cube.common.mx_6.3.0.202107141111\\db\/plugins/mcufinder/images/
2023-11-02 14:18:18,232 [INFO] DbExamples:333 - Set plugin images path to: D:\STMCubeIDE\STM32CubeIDE_1.7.0\STM32CubeIDE\plugins\com.st.stm32cube.common.mx_6.3.0.202107141111\\db\/plugins/mcufinder/images/
2023-11-02 14:18:18,233 [WARN] DbFile:35 - Overriding database path with different value: C:\Users\ACER\.stmcufinder\plugins\mcufinder/ => C:\Users\ACER\.stmcufinder\plugins\mcufinder
2023-11-02 14:18:18,233 [INFO] DbMcusAds:119 - Set database path to: C:\Users\ACER\.stmcufinder\plugins\mcufinder//mcu/
2023-11-02 14:18:18,233 [WARN] DbFile:35 - Overriding database path with different value: C:\Users\ACER\.stmcufinder\plugins\mcufinder/ => C:\Users\ACER\.stmcufinder\plugins\mcufinder
2023-11-02 14:18:18,234 [INFO] DbMcusDocs:110 - Set database path to: C:\Users\ACER\.stmcufinder\plugins\mcufinder//mcu/
2023-11-02 14:18:18,234 [WARN] DbFile:35 - Overriding database path with different value: C:\Users\ACER\.stmcufinder\plugins\mcufinder/ => C:\Users\ACER\.stmcufinder\plugins\mcufinder
2023-11-02 14:18:18,234 [INFO] DbMcusJson:64 - Set database path to: C:\Users\ACER\.stmcufinder\plugins\mcufinder//mcu/
2023-11-02 14:18:18,234 [WARN] DbFile:35 - Overriding database path with different value: C:\Users\ACER\.stmcufinder\plugins\mcufinder/ => C:\Users\ACER\.stmcufinder\plugins\mcufinder
2023-11-02 14:18:18,235 [INFO] DbBoardsDocs:110 - Set database path to: C:\Users\ACER\.stmcufinder\plugins\mcufinder//mcu/
2023-11-02 14:18:18,235 [WARN] DbFile:35 - Overriding database path with different value: C:\Users\ACER\.stmcufinder\plugins\mcufinder/ => C:\Users\ACER\.stmcufinder\plugins\mcufinder
2023-11-02 14:18:18,235 [INFO] DbBoardsJson:57 - Set database path to: C:\Users\ACER\.stmcufinder\plugins\mcufinder//mcu/
2023-11-02 14:18:18,235 [WARN] DbFile:35 - Overriding database path with different value: C:\Users\ACER\.stmcufinder\plugins\mcufinder/ => C:\Users\ACER\.stmcufinder\plugins\mcufinder
2023-11-02 14:18:18,235 [WARN] DbFile:35 - Overriding database path with different value: C:\Users\ACER\.stmcufinder\plugins\mcufinder/ => C:\Users\ACER\.stmcufinder\plugins\mcufinder
2023-11-02 14:18:18,235 [INFO] CrossReferenceDbSqlite:196 - Set database path to: C:\Users\ACER\.stmcufinder\plugins\mcufinder//mcu/cs/
2023-11-02 14:18:18,237 [WARN] DbFile:35 - Overriding database path with different value: C:\Users\ACER\.stmcufinder\plugins\mcufinder/ => C:\Users\ACER\.stmcufinder\plugins\mcufinder
2023-11-02 14:18:18,237 [INFO] DbExamplesSqlite:767 - Set database path to: C:\Users\ACER\.stmcufinder\plugins\mcufinder//mcu/
2023-11-02 14:18:18,297 [INFO] ApplicationProperties:181 - Using Application install path: D:\STMCubeIDE\STM32CubeIDE_1.7.0\STM32CubeIDE\plugins\com.st.stm32cube.common.mx_6.3.0.202107141111
2023-11-02 14:18:18,301 [INFO] PluginManage:188 - Search for loadable plugins [exclusion list=, ]
2023-11-02 14:18:18,304 [INFO] PluginManage:302 - Check plugin analytics
2023-11-02 14:18:23,821 [INFO] AnalyticsPlugin:257 - Accepted Software Licenses: 
2023-11-02 14:18:23,823 [INFO] AnalyticsPlugin:259 - Accepted CMSIS Pack Licenses: 
2023-11-02 14:18:23,824 [INFO] AnalyticsPlugin:261 - Accepted Firmware Licenses: 
2023-11-02 14:18:23,825 [INFO] PluginManage:352 - Loaded plugin analytics (category:tool,tabindex:-1)
2023-11-02 14:18:23,825 [INFO] PluginManage:302 - Check plugin clock
2023-11-02 14:18:23,863 [INFO] PluginManage:352 - Loaded plugin clock (category:base,tabindex:2)
2023-11-02 14:18:23,863 [INFO] PluginManage:302 - Check plugin ddr
2023-11-02 14:18:23,870 [INFO] PluginManage:352 - Loaded plugin ddr (category:tool,tabindex:6)
2023-11-02 14:18:23,871 [INFO] PluginManage:302 - Check plugin filemanager
2023-11-02 14:18:24,137 [INFO] PluginManage:352 - Loaded plugin filemanager (category:base,tabindex:10)
2023-11-02 14:18:24,138 [INFO] PluginManage:302 - Check plugin ipmanager
2023-11-02 14:18:24,164 [INFO] PluginManage:352 - Loaded plugin ipmanager (category:base,tabindex:5)
2023-11-02 14:18:24,164 [INFO] PluginManage:302 - Check plugin pinoutandconfiguration
2023-11-02 14:18:24,185 [INFO] PluginManage:352 - Loaded plugin pinoutandconfiguration (category:base,tabindex:1)
2023-11-02 14:18:24,185 [INFO] PluginManage:302 - Check plugin pinoutconfig
2023-11-02 14:18:24,227 [INFO] PluginManage:352 - Loaded plugin pinoutconfig (category:base,tabindex:0)
2023-11-02 14:18:24,228 [INFO] PluginManage:302 - Check plugin power
2023-11-02 14:18:24,242 [INFO] PluginManage:352 - Loaded plugin power (category:power,tabindex:4)
2023-11-02 14:18:24,242 [INFO] PluginManage:302 - Check plugin projectmanager
2023-11-02 14:18:24,267 [INFO] PluginManage:352 - Loaded plugin projectmanager (category:projectmanager,tabindex:3)
2023-11-02 14:18:24,267 [INFO] PluginManage:302 - Check plugin thirdparty
2023-11-02 14:18:24,450 [WARN] IntegrityCheckThread:78 - waiting for thirdparty lock release [integrity check]
2023-11-02 14:18:24,452 [INFO] IntegrityCheckThread:80 - entering critical section [integrity check]
2023-11-02 14:18:24,450 [INFO] PluginManage:352 - Loaded plugin thirdparty (category:base,tabindex:-1)
2023-11-02 14:18:24,452 [INFO] PluginManage:302 - Check plugin tools
2023-11-02 14:18:24,452 [INFO] ThirdPartyUpdaterWithRetryManager:66 - Updater plugin not ready yet. [1/15]
2023-11-02 14:18:24,456 [INFO] PluginManage:352 - Loaded plugin tools (category:base,tabindex:7)
2023-11-02 14:18:24,456 [INFO] PluginManage:302 - Check plugin tutovideos
2023-11-02 14:18:25,083 [INFO] PluginManage:352 - Loaded plugin tutovideos (category:base,tabindex:-1)
2023-11-02 14:18:25,083 [INFO] PluginManage:302 - Check plugin updater
2023-11-02 14:18:25,106 [INFO] PluginManage:352 - Loaded plugin updater (category:base,tabindex:12)
2023-11-02 14:18:25,106 [INFO] PluginManage:275 - PluginManage : Loaded plugins [13]
2023-11-02 14:18:25,419 [INFO] PinOutPanel:1463 - setPackage(No Configuration,No Configuration)
2023-11-02 14:18:25,585 [INFO] IPUIPlugin:74 - create IPUIPlugin
2023-11-02 14:18:25,586 [INFO] PluginManager:213 - loadIPPluginJar : add adc
2023-11-02 14:18:25,590 [INFO] IPUIPlugin:74 - create IPUIPlugin
2023-11-02 14:18:25,590 [INFO] PluginManager:213 - loadIPPluginJar : add aes
2023-11-02 14:18:25,596 [INFO] IPUIPlugin:74 - create IPUIPlugin
2023-11-02 14:18:25,596 [INFO] PluginManager:213 - loadIPPluginJar : add can
2023-11-02 14:18:25,599 [INFO] IPUIPlugin:74 - create IPUIPlugin
2023-11-02 14:18:25,599 [INFO] PluginManager:213 - loadIPPluginJar : add comp
2023-11-02 14:18:25,603 [INFO] IPUIPlugin:74 - create IPUIPlugin
2023-11-02 14:18:25,604 [INFO] PluginManager:213 - loadIPPluginJar : add cryp
2023-11-02 14:18:25,607 [INFO] IPUIPlugin:74 - create IPUIPlugin
2023-11-02 14:18:25,608 [INFO] PluginManager:213 - loadIPPluginJar : add dfsdm
2023-11-02 14:18:25,619 [INFO] IPUIPlugin:74 - create IPUIPlugin
2023-11-02 14:18:25,620 [INFO] PluginManager:213 - loadIPPluginJar : add dma
2023-11-02 14:18:25,624 [INFO] IPUIPlugin:74 - create IPUIPlugin
2023-11-02 14:18:25,624 [INFO] PluginManager:213 - loadIPPluginJar : add dma3
2023-11-02 14:18:25,627 [INFO] IPUIPlugin:74 - create IPUIPlugin
2023-11-02 14:18:25,628 [INFO] PluginManager:213 - loadIPPluginJar : add fatfs
2023-11-02 14:18:25,635 [INFO] IPUIPlugin:74 - create IPUIPlugin
2023-11-02 14:18:25,635 [INFO] PluginManager:213 - loadIPPluginJar : add fmc
2023-11-02 14:18:25,645 [INFO] IPUIPlugin:74 - create IPUIPlugin
2023-11-02 14:18:25,647 [INFO] PluginManager:213 - loadIPPluginJar : add freertos
2023-11-02 14:18:25,649 [INFO] IPUIPlugin:74 - create IPUIPlugin
2023-11-02 14:18:25,649 [INFO] PluginManager:213 - loadIPPluginJar : add genericplugin
2023-11-02 14:18:25,652 [INFO] IPUIPlugin:74 - create IPUIPlugin
2023-11-02 14:18:25,652 [INFO] PluginManager:213 - loadIPPluginJar : add gfxmmu
2023-11-02 14:18:25,663 [INFO] IPUIPlugin:74 - create IPUIPlugin
2023-11-02 14:18:25,663 [INFO] PluginManager:213 - loadIPPluginJar : add gic
2023-11-02 14:18:25,669 [INFO] IPUIPlugin:74 - create IPUIPlugin
2023-11-02 14:18:25,670 [INFO] PluginManager:213 - loadIPPluginJar : add gpio
2023-11-02 14:18:25,677 [INFO] IPUIPlugin:74 - create IPUIPlugin
2023-11-02 14:18:25,677 [INFO] PluginManager:213 - loadIPPluginJar : add gtzc
2023-11-02 14:18:25,683 [INFO] IPUIPlugin:74 - create IPUIPlugin
2023-11-02 14:18:25,683 [INFO] PluginManager:213 - loadIPPluginJar : add hash
2023-11-02 14:18:25,688 [INFO] IPUIPlugin:74 - create IPUIPlugin
2023-11-02 14:18:25,688 [INFO] PluginManager:213 - loadIPPluginJar : add i2c
2023-11-02 14:18:25,692 [INFO] IPUIPlugin:74 - create IPUIPlugin
2023-11-02 14:18:25,693 [INFO] PluginManager:213 - loadIPPluginJar : add i2s
2023-11-02 14:18:25,701 [INFO] IPUIPlugin:74 - create IPUIPlugin
2023-11-02 14:18:25,702 [INFO] PluginManager:213 - loadIPPluginJar : add ipddr
2023-11-02 14:18:25,715 [INFO] IPUIPlugin:74 - create IPUIPlugin
2023-11-02 14:18:25,715 [INFO] PluginManager:213 - loadIPPluginJar : add linkedlist
2023-11-02 14:18:25,720 [INFO] IPUIPlugin:74 - create IPUIPlugin
2023-11-02 14:18:25,720 [INFO] PluginManager:213 - loadIPPluginJar : add lorawan
2023-11-02 14:18:25,722 [INFO] IPUIPlugin:74 - create IPUIPlugin
2023-11-02 14:18:25,722 [INFO] PluginManager:213 - loadIPPluginJar : add ltdc
2023-11-02 14:18:25,730 [INFO] IPUIPlugin:74 - create IPUIPlugin
2023-11-02 14:18:25,731 [INFO] PluginManager:213 - loadIPPluginJar : add mdma
2023-11-02 14:18:25,737 [INFO] IPUIPlugin:74 - create IPUIPlugin
2023-11-02 14:18:25,738 [INFO] PluginManager:213 - loadIPPluginJar : add nvic
2023-11-02 14:18:25,742 [INFO] IPUIPlugin:74 - create IPUIPlugin
2023-11-02 14:18:25,743 [INFO] PluginManager:213 - loadIPPluginJar : add opamp
2023-11-02 14:18:25,748 [INFO] IPUIPlugin:74 - create IPUIPlugin
2023-11-02 14:18:25,749 [INFO] PluginManager:213 - loadIPPluginJar : add openamp
2023-11-02 14:18:25,754 [INFO] IPUIPlugin:74 - create IPUIPlugin
2023-11-02 14:18:25,754 [INFO] PluginManager:213 - loadIPPluginJar : add pdm2pcm
2023-11-02 14:18:25,767 [INFO] IPUIPlugin:74 - create IPUIPlugin
2023-11-02 14:18:25,773 [INFO] PluginManager:213 - loadIPPluginJar : add plateformsettings
2023-11-02 14:18:25,776 [INFO] IPUIPlugin:74 - create IPUIPlugin
2023-11-02 14:18:25,777 [INFO] PluginManager:213 - loadIPPluginJar : add quadspi
2023-11-02 14:18:25,783 [INFO] IPUIPlugin:74 - create IPUIPlugin
2023-11-02 14:18:25,783 [INFO] PluginManager:213 - loadIPPluginJar : add resmgrutility
2023-11-02 14:18:25,788 [INFO] IPUIPlugin:74 - create IPUIPlugin
2023-11-02 14:18:25,788 [INFO] PluginManager:213 - loadIPPluginJar : add sai
2023-11-02 14:18:25,792 [INFO] IPUIPlugin:74 - create IPUIPlugin
2023-11-02 14:18:25,793 [INFO] PluginManager:213 - loadIPPluginJar : add spi
2023-11-02 14:18:25,800 [INFO] IPUIPlugin:74 - create IPUIPlugin
2023-11-02 14:18:25,801 [INFO] PluginManager:213 - loadIPPluginJar : add stm32_wpan
2023-11-02 14:18:25,803 [INFO] IPUIPlugin:74 - create IPUIPlugin
2023-11-02 14:18:25,803 [INFO] PluginManager:213 - loadIPPluginJar : add tim
2023-11-02 14:18:25,806 [INFO] IPUIPlugin:74 - create IPUIPlugin
2023-11-02 14:18:25,807 [INFO] PluginManager:213 - loadIPPluginJar : add touchsensing
2023-11-02 14:18:25,809 [INFO] IPUIPlugin:74 - create IPUIPlugin
2023-11-02 14:18:25,810 [INFO] PluginManager:213 - loadIPPluginJar : add tracer_emb
2023-11-02 14:18:25,813 [INFO] IPUIPlugin:74 - create IPUIPlugin
2023-11-02 14:18:25,813 [INFO] PluginManager:213 - loadIPPluginJar : add ts
2023-11-02 14:18:25,815 [INFO] IPUIPlugin:74 - create IPUIPlugin
2023-11-02 14:18:25,815 [INFO] PluginManager:213 - loadIPPluginJar : add tsc
2023-11-02 14:18:25,817 [INFO] IPUIPlugin:74 - create IPUIPlugin
2023-11-02 14:18:25,818 [INFO] PluginManager:213 - loadIPPluginJar : add ucpd
2023-11-02 14:18:25,821 [INFO] IPUIPlugin:74 - create IPUIPlugin
2023-11-02 14:18:25,821 [INFO] PluginManager:213 - loadIPPluginJar : add usart
2023-11-02 14:18:25,824 [INFO] IPUIPlugin:74 - create IPUIPlugin
2023-11-02 14:18:25,824 [INFO] PluginManager:213 - loadIPPluginJar : add usbx
2023-11-02 14:18:26,229 [FATAL] Updater:294 - Updater called before beeing initialized
2023-11-02 14:18:26,414 [FATAL] Updater:294 - Updater called before beeing initialized
2023-11-02 14:18:26,421 [INFO] DbMcusAds:47 - JSON generation date=Tue Mar 07 15:50:55 ICT 2023 (1678179055335)
2023-11-02 14:18:26,422 [FATAL] Updater:294 - Updater called before beeing initialized
2023-11-02 14:18:26,483 [WARN] DetailPanel:314 - Failed to get advertising image, set to default
2023-11-02 14:18:26,830 [FATAL] Updater:294 - Updater called before beeing initialized
2023-11-02 14:18:26,837 [FATAL] Updater:294 - Updater called before beeing initialized
2023-11-02 14:18:26,837 [FATAL] Updater:294 - Updater called before beeing initialized
2023-11-02 14:18:26,838 [WARN] DetailPanel:314 - Failed to get advertising image, set to default
2023-11-02 14:18:26,841 [FATAL] Updater:294 - Updater called before beeing initialized
2023-11-02 14:18:26,982 [ERROR] Updater:1075 - MainUpdater not yet initialized. External WinMGr cannot be set.
2023-11-02 14:18:26,987 [INFO] Updater:1012 - Updater Version found : 6.3.0
2023-11-02 14:18:27,023 [INFO] ApplicationProperties:181 - Using Application install path: D:\STMCubeIDE\STM32CubeIDE_1.7.0\STM32CubeIDE\plugins\com.st.stm32cube.common.mx_6.3.0.202107141111
2023-11-02 14:18:27,468 [INFO] ThirdPartyUpdaterWithRetryManager:66 - Updater plugin not ready yet. [2/15]
2023-11-02 14:18:28,789 [INFO] MainUpdater:2671 - connection check result : 10
2023-11-02 14:18:28,790 [INFO] MainUpdater:265 - Updater Check For Update Now.
2023-11-02 14:18:28,790 [INFO] MicroXplorer:478 - Change Database Version : DB.6.0.30
2023-11-02 14:18:29,034 [INFO] CheckServerUpdateThread:112 - End of CheckServer Thread
2023-11-02 14:18:29,122 [INFO] MainUpdater:2671 - connection check result : 10
2023-11-02 14:18:29,129 [INFO] McuFinderGlobals:52 - Set McuFinderConnectedMode to true
2023-11-02 14:18:29,489 [INFO] ServerAccessManage:362 - Download File mcusAds.json._tmp_
2023-11-02 14:18:29,622 [INFO] LoadUrlFilesThread:145 - End of LoadUrlFiles Thread
2023-11-02 14:18:30,473 [WARN] MainUpdater:1122 - Updater busy. Cannot search thirdparties
2023-11-02 14:18:30,473 [INFO] ThirdPartyUpdaterWithRetryManager:92 - Updater plugin is busy. [1/15]
2023-11-02 14:18:33,487 [WARN] MainUpdater:1122 - Updater busy. Cannot search thirdparties
2023-11-02 14:18:33,487 [INFO] ThirdPartyUpdaterWithRetryManager:92 - Updater plugin is busy. [2/15]
2023-11-02 14:18:36,498 [WARN] MainUpdater:1122 - Updater busy. Cannot search thirdparties
2023-11-02 14:18:36,499 [INFO] ThirdPartyUpdaterWithRetryManager:92 - Updater plugin is busy. [3/15]
2023-11-02 14:18:39,513 [WARN] MainUpdater:1122 - Updater busy. Cannot search thirdparties
2023-11-02 14:18:39,513 [INFO] ThirdPartyUpdaterWithRetryManager:92 - Updater plugin is busy. [4/15]
2023-11-02 14:18:41,911 [INFO] ServerAccessManage:362 - Download File mcusDocs.json._tmp_
2023-11-02 14:18:42,519 [WARN] MainUpdater:1122 - Updater busy. Cannot search thirdparties
2023-11-02 14:18:42,520 [INFO] ThirdPartyUpdaterWithRetryManager:92 - Updater plugin is busy. [5/15]
2023-11-02 14:18:43,211 [INFO] LoadUrlFilesThread:145 - End of LoadUrlFiles Thread
2023-11-02 14:18:43,829 [INFO] ServerAccessManage:362 - Download File mcusFeaturesAndDescription.json._tmp_
2023-11-02 14:18:45,533 [WARN] MainUpdater:1122 - Updater busy. Cannot search thirdparties
2023-11-02 14:18:45,533 [INFO] ThirdPartyUpdaterWithRetryManager:92 - Updater plugin is busy. [6/15]
2023-11-02 14:18:48,546 [WARN] MainUpdater:1122 - Updater busy. Cannot search thirdparties
2023-11-02 14:18:48,546 [INFO] ThirdPartyUpdaterWithRetryManager:92 - Updater plugin is busy. [7/15]
2023-11-02 14:18:51,547 [WARN] MainUpdater:1122 - Updater busy. Cannot search thirdparties
2023-11-02 14:18:51,547 [INFO] ThirdPartyUpdaterWithRetryManager:92 - Updater plugin is busy. [8/15]
2023-11-02 14:18:54,562 [WARN] MainUpdater:1122 - Updater busy. Cannot search thirdparties
2023-11-02 14:18:54,562 [INFO] ThirdPartyUpdaterWithRetryManager:92 - Updater plugin is busy. [9/15]
2023-11-02 14:18:57,570 [WARN] MainUpdater:1122 - Updater busy. Cannot search thirdparties
2023-11-02 14:18:57,570 [INFO] ThirdPartyUpdaterWithRetryManager:92 - Updater plugin is busy. [10/15]
2023-11-02 14:19:00,575 [WARN] MainUpdater:1122 - Updater busy. Cannot search thirdparties
2023-11-02 14:19:00,575 [INFO] ThirdPartyUpdaterWithRetryManager:92 - Updater plugin is busy. [11/15]
2023-11-02 14:19:03,579 [WARN] MainUpdater:1122 - Updater busy. Cannot search thirdparties
2023-11-02 14:19:03,579 [INFO] ThirdPartyUpdaterWithRetryManager:92 - Updater plugin is busy. [12/15]
2023-11-02 14:19:06,584 [WARN] MainUpdater:1122 - Updater busy. Cannot search thirdparties
2023-11-02 14:19:06,584 [INFO] ThirdPartyUpdaterWithRetryManager:92 - Updater plugin is busy. [13/15]
2023-11-02 14:19:09,595 [WARN] MainUpdater:1122 - Updater busy. Cannot search thirdparties
2023-11-02 14:19:09,595 [INFO] ThirdPartyUpdaterWithRetryManager:92 - Updater plugin is busy. [14/15]
2023-11-02 14:19:12,606 [WARN] MainUpdater:1122 - Updater busy. Cannot search thirdparties
2023-11-02 14:19:12,606 [INFO] ThirdPartyUpdaterWithRetryManager:92 - Updater plugin is busy. [15/15]
2023-11-02 14:19:12,607 [ERROR] IntegrityCheckThread:124 - Cannot retrieve database content from updater: error -1
2023-11-02 14:19:12,607 [INFO] ThirdParty:915 - Integrity check success = false
2023-11-02 14:19:12,608 [INFO] IntegrityCheckThread:94 - exiting critical section [integrity check]
2023-11-02 14:19:12,608 [INFO] IntegrityCheckThread:97 - End integrity checks thread
2023-11-02 14:25:43,025 [INFO] LoadUrlFilesThread:145 - End of LoadUrlFiles Thread
2023-11-02 14:25:43,647 [INFO] ServerAccessManage:362 - Download File boardsDocs.json._tmp_
2023-11-02 14:25:45,943 [INFO] LoadUrlFilesThread:145 - End of LoadUrlFiles Thread
2023-11-02 14:25:46,120 [INFO] ServerAccessManage:362 - Download File boards.json._tmp_
2023-11-02 14:25:56,912 [INFO] LoadUrlFilesThread:145 - End of LoadUrlFiles Thread
2023-11-02 14:25:58,549 [INFO] ServerAccessManage:362 - Download File cube-finder-db.zip
2023-11-02 14:48:18,593 [INFO] FileExtend:235 - Unzip File : cube-finder-db.zip
2023-11-02 14:48:18,596 [INFO] FileExtend:250 - Standard Zip Deflate
2023-11-02 14:48:19,459 [INFO] LoadUrlFilesThread:145 - End of LoadUrlFiles Thread
2023-11-02 14:48:21,665 [INFO] ServerAccessManage:362 - Download File crdb.zip
2023-11-02 14:51:01,008 [INFO] FileExtend:235 - Unzip File : crdb.zip
2023-11-02 14:51:01,009 [INFO] FileExtend:250 - Standard Zip Deflate
2023-11-02 14:51:01,211 [INFO] LoadUrlFilesThread:145 - End of LoadUrlFiles Thread
2023-11-02 14:51:01,913 [INFO] ServerAccessManage:362 - Download File tutoVideoDB.zip
2023-11-02 14:51:02,103 [INFO] FileExtend:235 - Unzip File : tutoVideoDB.zip
2023-11-02 14:51:02,104 [INFO] FileExtend:250 - Standard Zip Deflate
2023-11-02 14:51:02,246 [INFO] LoadUrlFilesThread:145 - End of LoadUrlFiles Thread
2023-11-02 14:51:02,251 [INFO] DbMcusAds:47 - JSON generation date=Tue Mar 07 15:50:55 ICT 2023 (1678179055335)
2023-11-02 14:51:02,285 [INFO] DbMcusDocs:143 - JSON generation date=Tue Nov 16 23:17:54 ICT 2021 (1637079474)
2023-11-02 14:51:02,287 [INFO] DbMcusXml:100 - Load MCU database from D:\STMCubeIDE\STM32CubeIDE_1.7.0\STM32CubeIDE\plugins\com.st.stm32cube.common.mx_6.3.0.202107141111\\db\/mcu/families.xml
2023-11-02 14:51:02,972 [ERROR] DbMcusJson:104 - Temporary JSON file is corrupted => switch to non-temporary and retry
2023-11-02 14:51:03,428 [INFO] DbMcusJson:117 - JSON generation date=Tue Nov 16 23:17:54 ICT 2021 (1637079474)
2023-11-02 14:51:04,255 [INFO] DbMcus:175 - Found 1951 MCUs (1903 are supported by CubeMX, 1914 are visible in CubeMX)
2023-11-02 14:51:04,257 [INFO] ApiDb:251 - Load user favorites file C:\Users\ACER/.stm32cubeide/favorites.mcus.txt: 0 item(s)
2023-11-02 14:51:04,258 [INFO] ApiDb:255 - User favorites MCUs=[]
2023-11-02 14:51:04,258 [INFO] DbMcus:187 - Set 0 / 0 favorites MCUs
2023-11-02 14:51:04,805 [INFO] DbMcusDocs:79 - Found 682 MCUs documents
2023-11-02 14:51:04,809 [INFO] ApiDb:276 - Save user favorites file C:\Users\ACER/.stm32cubeide/favorites.mcus.txt: 0 item(s)
2023-11-02 14:51:04,809 [INFO] ApiDb:280 - User favorites MCUs=[]
2023-11-02 14:51:04,810 [INFO] DbMcusXml:100 - Load MCU database from D:\STMCubeIDE\STM32CubeIDE_1.7.0\STM32CubeIDE\plugins\com.st.stm32cube.common.mx_6.3.0.202107141111\\db\/mcu/families.xml
2023-11-02 14:51:05,652 [INFO] DbMcusJson:93 - JSON generation date=Tue Nov 16 23:17:54 ICT 2021 (1637079474)
2023-11-02 14:51:06,323 [INFO] DbMcus:175 - Found 1951 MCUs (1903 are supported by CubeMX, 1914 are visible in CubeMX)
2023-11-02 14:51:06,324 [INFO] ApiDb:251 - Load user favorites file C:\Users\ACER/.stm32cubeide/favorites.mcus.txt: 0 item(s)
2023-11-02 14:51:06,324 [INFO] ApiDb:255 - User favorites MCUs=[]
2023-11-02 14:51:06,324 [INFO] DbMcus:187 - Set 0 / 0 favorites MCUs
2023-11-02 14:51:06,330 [INFO] DbBoardsDocs:143 - JSON generation date=Tue Nov 16 23:17:54 ICT 2021 (1637079474)
2023-11-02 14:51:06,340 [INFO] DbBoardsPdsc:90 - Found 25 items
2023-11-02 14:51:06,342 [INFO] DbBoardsPdsc:90 - Found 9 items
2023-11-02 14:51:06,345 [INFO] DbBoardsPdsc:90 - Found 33 items
2023-11-02 14:51:06,346 [INFO] DbBoardsPdsc:90 - Found 1 items
2023-11-02 14:51:06,355 [INFO] DbBoardsPdsc:90 - Found 48 items
2023-11-02 14:51:06,362 [INFO] DbBoardsPdsc:90 - Found 43 items
2023-11-02 14:51:06,364 [INFO] DbBoardsPdsc:90 - Found 2 items
2023-11-02 14:51:06,366 [INFO] DbBoardsPdsc:90 - Found 5 items
2023-11-02 14:51:06,371 [WARN] DbBoardsPdsc:254 - Board STM32H7B3I-DK: unknown feature type=Audio, name=, username=Audio stereo codec with Headphone Amp (CS42L51-CNZ), n=1
2023-11-02 14:51:06,372 [WARN] DbBoardsPdsc:254 - Board STM32H735G-DK: unknown feature type=Audio, name=, username=Audio stereo codec with Headphone Amp (WM8994ECS/R), n=1
2023-11-02 14:51:06,373 [WARN] DbBoardsPdsc:254 - Board STM32H7B3I-EVAL: unknown feature type=Audio, name=, username=Multi-Channel Audio Codec (CS42L51-CNZ), n=1
2023-11-02 14:51:06,373 [WARN] DbBoardsPdsc:254 - Board STM32H7B3I-EVAL: unknown feature type=Meter, name=, username=Power-metering and Temperature-monitoring with sigma-delta modulators, n=1
2023-11-02 14:51:06,373 [WARN] DbBoardsPdsc:254 - Board STM32H7B3I-EVAL: unknown feature type=Motor, name=, username=Motor Control, n=1
2023-11-02 14:51:06,374 [WARN] DbBoardsPdsc:254 - Board STM32U575I-EV: unknown feature type=joystick, name=, username=4-direction joystick with selection button, n=1
2023-11-02 14:51:06,396 [INFO] DbBoardsJson:86 - JSON generation date=Tue Nov 16 23:17:54 ICT 2021 (1637079474)
2023-11-02 14:51:06,403 [INFO] DbBoards:117 - Found 167 boards (163 are supported by CubeMX)
2023-11-02 14:51:06,405 [INFO] DbBoardsDocs:143 - JSON generation date=Tue Nov 16 23:17:54 ICT 2021 (1637079474)
2023-11-02 14:51:06,409 [INFO] DbBoardsDocs:79 - Found 209 boards documents
2023-11-02 14:51:06,411 [WARN] DbBoards:127 - board B-L475E-IOT01A2 has no document id list !
2023-11-02 14:51:06,412 [WARN] DbBoards:127 - board NUCLEO-H743ZI has no document id list !
2023-11-02 14:51:06,412 [WARN] DbBoards:127 - board NUCLEO-WL55JC2 has no document id list !
2023-11-02 14:51:06,412 [WARN] DbBoards:127 - board P-NUCLEO-WB55-Nucleo has no document id list !
2023-11-02 14:51:06,412 [WARN] DbBoards:127 - board P-NUCLEO-WB55-USBDongle has no document id list !
2023-11-02 14:51:06,413 [WARN] DbBoards:127 - board STEVAL-BFA001V1B has no document id list !
2023-11-02 14:51:06,413 [WARN] DbBoards:127 - board STEVAL-BFA001V2B has no document id list !
2023-11-02 14:51:06,413 [WARN] DbBoards:127 - board STEVAL-IDP005V1 has no document id list !
2023-11-02 14:51:06,413 [WARN] DbBoards:127 - board STEVAL-IDP005V2 has no document id list !
2023-11-02 14:51:06,413 [WARN] DbBoards:127 - board STEVAL-MKSBOX1V1 has no document id list !
2023-11-02 14:51:06,413 [WARN] DbBoards:127 - board STEVAL-STWINKT1 has no document id list !
2023-11-02 14:51:06,413 [WARN] DbBoards:127 - board STEVAL-STWINKT1B has no document id list !
2023-11-02 14:51:06,413 [WARN] DbBoards:127 - board STM32439I-EVAL2 has no document id list !
2023-11-02 14:51:06,413 [WARN] DbBoards:127 - board STM32F401C-DISCO has no document id list !
2023-11-02 14:51:06,414 [WARN] DbBoards:127 - board STM32F769I-DISC1 has no document id list !
2023-11-02 14:51:06,414 [WARN] DbBoards:127 - board STM32G474E-EVAL1 has no document id list !
2023-11-02 14:51:06,414 [WARN] DbBoards:127 - board STM32H743I-EVAL2 has no document id list !
2023-11-02 14:51:06,414 [WARN] DbBoards:127 - board STM32H747I-DISC1 has no document id list !
2023-11-02 14:51:06,415 [WARN] DbBoards:127 - board STM32H753I-EVAL2 has no document id list !
2023-11-02 14:51:06,415 [WARN] DbBoards:127 - board STM32L-DISCOVERY has no document id list !
2023-11-02 14:51:06,596 [ERROR] DbBoards:189 - Image file not found for board B-U585I-IOT02A: D:\STMCubeIDE\STM32CubeIDE_1.7.0\STM32CubeIDE\plugins\com.st.stm32cube.common.mx_6.3.0.202107141111\\db\/plugins/mcufinder/images/boards/B-U585I-IOT02A_small.jpg
2023-11-02 14:51:06,755 [ERROR] DbBoards:189 - Image file not found for board NUCLEO-F413ZH: D:\STMCubeIDE\STM32CubeIDE_1.7.0\STM32CubeIDE\plugins\com.st.stm32cube.common.mx_6.3.0.202107141111\\db\/plugins/mcufinder/images/boards/nucleo-f413zh_small.jpg
2023-11-02 14:51:06,984 [ERROR] DbBoards:189 - Image file not found for board NUCLEO-L552ZE-Q: D:\STMCubeIDE\STM32CubeIDE_1.7.0\STM32CubeIDE\plugins\com.st.stm32cube.common.mx_6.3.0.202107141111\\db\/plugins/mcufinder/images/boards/nucleo_l552ze_q_small.jpg
2023-11-02 14:51:06,984 [ERROR] DbBoards:189 - Image file not found for board NUCLEO-U575ZI-Q: D:\STMCubeIDE\STM32CubeIDE_1.7.0\STM32CubeIDE\plugins\com.st.stm32cube.common.mx_6.3.0.202107141111\\db\/plugins/mcufinder/images/boards/nucleo-u575zi-q_small.jpg
2023-11-02 14:51:06,984 [ERROR] DbBoards:189 - Image file not found for board NUCLEO-WB15CC: D:\STMCubeIDE\STM32CubeIDE_1.7.0\STM32CubeIDE\plugins\com.st.stm32cube.common.mx_6.3.0.202107141111\\db\/plugins/mcufinder/images/boards/nucleo-wb15cc_small.jpg
2023-11-02 14:51:06,984 [ERROR] DbBoards:189 - Image file not found for board NUCLEO-WB55RG: D:\STMCubeIDE\STM32CubeIDE_1.7.0\STM32CubeIDE\plugins\com.st.stm32cube.common.mx_6.3.0.202107141111\\db\/plugins/mcufinder/images/boards/nucleo-wb55rg_small.jpg
2023-11-02 14:51:08,270 [INFO] ApiDb:251 - Load user favorites file C:\Users\ACER/.stm32cubeide/favorites.boards.txt: 0 item(s)
2023-11-02 14:51:08,271 [INFO] ApiDb:255 - User favorites Boards=[]
2023-11-02 14:51:08,271 [INFO] DbBoards:206 - Set 0 / 0 favorites Boards
2023-11-02 14:51:08,274 [INFO] DbBoardsDocs:79 - Found 418 boards documents
2023-11-02 14:51:08,275 [INFO] ApiDb:276 - Save user favorites file C:\Users\ACER/.stm32cubeide/favorites.boards.txt: 0 item(s)
2023-11-02 14:51:08,275 [INFO] ApiDb:280 - User favorites Boards=[]
2023-11-02 14:51:08,278 [INFO] DbBoardsPdsc:90 - Found 25 items
2023-11-02 14:51:08,279 [INFO] DbBoardsPdsc:90 - Found 9 items
2023-11-02 14:51:08,282 [INFO] DbBoardsPdsc:90 - Found 33 items
2023-11-02 14:51:08,284 [INFO] DbBoardsPdsc:90 - Found 1 items
2023-11-02 14:51:08,289 [INFO] DbBoardsPdsc:90 - Found 48 items
2023-11-02 14:51:08,296 [INFO] DbBoardsPdsc:90 - Found 43 items
2023-11-02 14:51:08,297 [INFO] DbBoardsPdsc:90 - Found 2 items
2023-11-02 14:51:08,299 [INFO] DbBoardsPdsc:90 - Found 5 items
2023-11-02 14:51:08,303 [WARN] DbBoardsPdsc:254 - Board STM32H7B3I-DK: unknown feature type=Audio, name=, username=Audio stereo codec with Headphone Amp (CS42L51-CNZ), n=1
2023-11-02 14:51:08,303 [WARN] DbBoardsPdsc:254 - Board STM32H735G-DK: unknown feature type=Audio, name=, username=Audio stereo codec with Headphone Amp (WM8994ECS/R), n=1
2023-11-02 14:51:08,305 [WARN] DbBoardsPdsc:254 - Board STM32H7B3I-EVAL: unknown feature type=Audio, name=, username=Multi-Channel Audio Codec (CS42L51-CNZ), n=1
2023-11-02 14:51:08,305 [WARN] DbBoardsPdsc:254 - Board STM32H7B3I-EVAL: unknown feature type=Meter, name=, username=Power-metering and Temperature-monitoring with sigma-delta modulators, n=1
2023-11-02 14:51:08,305 [WARN] DbBoardsPdsc:254 - Board STM32H7B3I-EVAL: unknown feature type=Motor, name=, username=Motor Control, n=1
2023-11-02 14:51:08,305 [WARN] DbBoardsPdsc:254 - Board STM32U575I-EV: unknown feature type=joystick, name=, username=4-direction joystick with selection button, n=1
2023-11-02 14:51:08,327 [INFO] DbBoardsJson:86 - JSON generation date=Tue Nov 16 23:17:54 ICT 2021 (1637079474)
2023-11-02 14:51:08,345 [INFO] DbBoards:117 - Found 167 boards (163 are supported by CubeMX)
2023-11-02 14:51:08,346 [WARN] DbBoards:127 - board B-L475E-IOT01A2 has no document id list !
2023-11-02 14:51:08,347 [WARN] DbBoards:127 - board NUCLEO-H743ZI has no document id list !
2023-11-02 14:51:08,347 [WARN] DbBoards:127 - board NUCLEO-WL55JC2 has no document id list !
2023-11-02 14:51:08,347 [WARN] DbBoards:127 - board P-NUCLEO-WB55-Nucleo has no document id list !
2023-11-02 14:51:08,347 [WARN] DbBoards:127 - board P-NUCLEO-WB55-USBDongle has no document id list !
2023-11-02 14:51:08,347 [WARN] DbBoards:127 - board STEVAL-BFA001V1B has no document id list !
2023-11-02 14:51:08,347 [WARN] DbBoards:127 - board STEVAL-BFA001V2B has no document id list !
2023-11-02 14:51:08,348 [WARN] DbBoards:127 - board STEVAL-IDP005V1 has no document id list !
2023-11-02 14:51:08,348 [WARN] DbBoards:127 - board STEVAL-IDP005V2 has no document id list !
2023-11-02 14:51:08,348 [WARN] DbBoards:127 - board STEVAL-MKSBOX1V1 has no document id list !
2023-11-02 14:51:08,348 [WARN] DbBoards:127 - board STEVAL-STWINKT1 has no document id list !
2023-11-02 14:51:08,348 [WARN] DbBoards:127 - board STEVAL-STWINKT1B has no document id list !
2023-11-02 14:51:08,348 [WARN] DbBoards:127 - board STM32439I-EVAL2 has no document id list !
2023-11-02 14:51:08,348 [WARN] DbBoards:127 - board STM32F401C-DISCO has no document id list !
2023-11-02 14:51:08,348 [WARN] DbBoards:127 - board STM32F769I-DISC1 has no document id list !
2023-11-02 14:51:08,348 [WARN] DbBoards:127 - board STM32G474E-EVAL1 has no document id list !
2023-11-02 14:51:08,348 [WARN] DbBoards:127 - board STM32H743I-EVAL2 has no document id list !
2023-11-02 14:51:08,349 [WARN] DbBoards:127 - board STM32H747I-DISC1 has no document id list !
2023-11-02 14:51:08,349 [WARN] DbBoards:127 - board STM32H753I-EVAL2 has no document id list !
2023-11-02 14:51:08,349 [WARN] DbBoards:127 - board STM32L-DISCOVERY has no document id list !
2023-11-02 14:51:08,448 [ERROR] DbBoards:189 - Image file not found for board B-U585I-IOT02A: D:\STMCubeIDE\STM32CubeIDE_1.7.0\STM32CubeIDE\plugins\com.st.stm32cube.common.mx_6.3.0.202107141111\\db\/plugins/mcufinder/images/boards/B-U585I-IOT02A_small.jpg
2023-11-02 14:51:08,559 [ERROR] DbBoards:189 - Image file not found for board NUCLEO-F413ZH: D:\STMCubeIDE\STM32CubeIDE_1.7.0\STM32CubeIDE\plugins\com.st.stm32cube.common.mx_6.3.0.202107141111\\db\/plugins/mcufinder/images/boards/nucleo-f413zh_small.jpg
2023-11-02 14:51:08,815 [ERROR] DbBoards:189 - Image file not found for board NUCLEO-L552ZE-Q: D:\STMCubeIDE\STM32CubeIDE_1.7.0\STM32CubeIDE\plugins\com.st.stm32cube.common.mx_6.3.0.202107141111\\db\/plugins/mcufinder/images/boards/nucleo_l552ze_q_small.jpg
2023-11-02 14:51:08,816 [ERROR] DbBoards:189 - Image file not found for board NUCLEO-U575ZI-Q: D:\STMCubeIDE\STM32CubeIDE_1.7.0\STM32CubeIDE\plugins\com.st.stm32cube.common.mx_6.3.0.202107141111\\db\/plugins/mcufinder/images/boards/nucleo-u575zi-q_small.jpg
2023-11-02 14:51:08,816 [ERROR] DbBoards:189 - Image file not found for board NUCLEO-WB15CC: D:\STMCubeIDE\STM32CubeIDE_1.7.0\STM32CubeIDE\plugins\com.st.stm32cube.common.mx_6.3.0.202107141111\\db\/plugins/mcufinder/images/boards/nucleo-wb15cc_small.jpg
2023-11-02 14:51:08,816 [ERROR] DbBoards:189 - Image file not found for board NUCLEO-WB55RG: D:\STMCubeIDE\STM32CubeIDE_1.7.0\STM32CubeIDE\plugins\com.st.stm32cube.common.mx_6.3.0.202107141111\\db\/plugins/mcufinder/images/boards/nucleo-wb55rg_small.jpg
2023-11-02 14:51:09,803 [INFO] ApiDb:251 - Load user favorites file C:\Users\ACER/.stm32cubeide/favorites.boards.txt: 0 item(s)
2023-11-02 14:51:09,804 [INFO] ApiDb:255 - User favorites Boards=[]
2023-11-02 14:51:09,804 [INFO] DbBoards:206 - Set 0 / 0 favorites Boards
2023-11-02 14:51:09,819 [INFO] LoadUrlFilesThread:172 - End of LoadServerUrlFiles without Thread
2023-11-02 14:51:09,819 [INFO] TargetSelectorAdapter:224 - Refresh data is successful
2023-11-02 14:51:09,953 [INFO] ApiDb:479 - Connected to CubeFinder SQLite database (C:\Users\ACER\.stmcufinder\plugins\mcufinder\mcu\cube-finder-db.db)
2023-11-02 14:51:10,955 [ERROR] DbExamplesSqlite:446 - Missing JSON key: board_cpn
2023-11-02 14:51:10,955 [ERROR] DbExamplesSqlite:446 - Missing JSON key: board_cpn
2023-11-02 14:51:10,955 [ERROR] DbExamplesSqlite:446 - Missing JSON key: board_cpn
2023-11-02 14:51:10,956 [ERROR] DbExamplesSqlite:446 - Missing JSON key: board_cpn
2023-11-02 14:51:10,964 [INFO] DbExamplesSqlite:411 - Ignored 27 examples not supported by CubeIDE
2023-11-02 14:51:10,964 [INFO] DbExamplesSqlite:412 - Found 7221 examples active
2023-11-02 14:51:10,965 [INFO] DbExamplesSqlite:413 - Found 777 examples obsolete
2023-11-02 14:51:10,965 [INFO] DbExamplesSqlite:414 - Found 0 examples under development
2023-11-02 14:51:10,965 [INFO] DbExamplesSqlite:415 - Found 74 examples not building
2023-11-02 14:51:11,027 [INFO] DbExamplesSqlite:108 - CubeFinder database Data Model version=2.1
2023-11-02 14:51:11,028 [INFO] DbExamplesSqlite:109 - CubeFinder database Configuration version=3.0.37
2023-11-02 14:51:11,028 [INFO] DbExamplesSqlite:110 - CubeFinder database generation date=2023-10-13 (1697197505)
2023-11-02 14:51:11,028 [INFO] DbExamplesSqlite:111 - CubeFinder database FW Pack versions=[FP-ATR-ASTRA1_V2.0.0, FP-SNS-FLIGHT1_V5.0.1, FP-SNS-FLIGHT1_V5.0.2, FP-SNS-MOTENV1_V4.3.1, FP-SNS-MOTENV1_V4.3.2, FP-SNS-SMARTAG2_V1.2.0, I-CUBE-ITTIADB_V8.6.3-1, STM32Cube_FW_C0_V1.1.0, STM32Cube_FW_F4_V1.27.1, STM32Cube_FW_F7_V1.17.0, STM32Cube_FW_G0_V1.6.1, STM32Cube_FW_G4_V1.5.1, STM32Cube_FW_H5_V0.5.1, STM32Cube_FW_H5_V1.1.1, STM32Cube_FW_H7_V1.11.0, STM32Cube_FW_L0_V1.12.2, STM32Cube_FW_L5_V1.5.0, STM32Cube_FW_U5_V1.3.0, STM32Cube_FW_U5_V1.3.0RC4, STM32Cube_FW_WBA_V1.0.0RC1, STM32Cube_FW_WBA_V1.1.0RC1, STM32Cube_FW_WBA_V1.1.1, STM32Cube_FW_WB_V1.15.0RC1, STM32Cube_FW_WB_V1.16.0, STM32Cube_FW_WB_V1.16.0RC2, STM32Cube_FW_WB_V1.17.3, STM32Cube_FW_WL_V1.3.0, X-CUBE-ALGOBUILD_V1.3.0, X-CUBE-ALS_V1.0.1, X-CUBE-AZRTOS-F4_V1.1.0, X-CUBE-AZRTOS-F7_V1.1.0, X-CUBE-AZRTOS-G0_V1.1.0, X-CUBE-AZRTOS-G4_V2.0.0, X-CUBE-AZRTOS-H7_V3.1.0, X-CUBE-AZRTOS-L4_V1.0.0, X-CUBE-AZRTOS-L4_V2.0.0, X-CUBE-AZRTOS-L5_V1.1.0, X-CUBE-AZRTOS-WB_V2.0.0, X-CUBE-AZRTOS-WL_V2.0.0, X-CUBE-BLE1_V7.0.0, X-CUBE-BLE2_V3.3.0, X-CUBE-BLEMGR_V2.0.0, X-CUBE-EEPRMA1_V4.1.0, X-CUBE-FREERTOS_V1.1.0, X-CUBE-GNSS1_V6.0.0, X-CUBE-MEMS1_V10.0.0, X-CUBE-MEMS1_V9.1.0, X-CUBE-MEMS1_V9.4.0, X-CUBE-MEMS1_V9.6.0, X-CUBE-NFC4_V3.0.0, X-CUBE-NFC7_V1.0.1, X-CUBE-SFXS2LP1_V4.0.0, X-CUBE-SUBG2_V5.0.0, X-CUBE-TOF1_V3.3.1]
2023-11-02 14:51:11,029 [INFO] DbExamples:130 - Found 7268 examples
2023-11-02 14:51:11,754 [ERROR] DbExamples:206 - Found 7268 examples with invalid data (board or MCU)
2023-11-02 14:51:11,754 [INFO] DbExamples:222 - Found 79 boards with related examples
2023-11-02 14:51:11,754 [INFO] DbExamples:235 - Found 0 MCUs with related examples
2023-11-02 14:51:11,774 [INFO] ApiDb:242 - User favorites file not found: C:\Users\ACER/.stm32cubeide/favorites.examples.txt
2023-11-02 14:51:11,774 [INFO] DbExamples:256 - Set 0 / 0 favorites Examples
2023-11-02 14:51:11,918 [INFO] McuFinderGlobals:52 - Set McuFinderConnectedMode to false
2023-11-02 14:51:12,030 [INFO] CrossSelectorPresenter:1330 - Cross Selector saved comparison directory: C:\Users\ACER\.stmcufinder\plugins\mcufinder\mcu\cs_comparisons_mx
2023-11-02 14:51:12,037 [INFO] MultiScanPanel:197 - Auto-refresh data requested => check proxy status ongoing
2023-11-02 14:51:12,037 [INFO] MultiScanPanel:201 - Proxy status is invalid
2023-11-02 14:51:12,041 [INFO] FinderPluginLoader:87 - Searching for filters in installed packs
2023-11-02 14:51:12,549 [INFO] DetailPanel:309 - Set advertising image to C:/Users/ACER/STM32Cube/Repository/\en.prom-stm32h5-mcu-finder.jpg
2023-11-02 14:51:45,065 [INFO] MainUpdater:2671 - connection check result : 10
2023-11-02 14:51:45,068 [INFO] MainUpdater:2671 - connection check result : 10
2023-11-02 14:51:45,137 [INFO] MicroXplorer:448 - Change Database Path : 
2023-11-02 14:51:45,137 [INFO] MicroXplorer:478 - Change Database Version : DB.6.0.30
2023-11-02 14:51:45,138 [WARN] ThirdParty:813 - waiting for thirdparty lock release [close project]
2023-11-02 14:51:45,138 [INFO] ThirdParty:815 - entering critical section [close project]
2023-11-02 14:51:45,139 [INFO] ThirdParty:825 - exiting critical section [close project]
2023-11-02 14:51:45,143 [INFO] PinOutPanel:1463 - setPackage(No Configuration,No Configuration)
2023-11-02 14:51:45,144 [INFO] UtilMem:74 - Begin LoadConfig() Used Memory: 813401520 Bytes (1022361600)
2023-11-02 14:51:45,145 [INFO] MicroXplorer:448 - Change Database Path : 
2023-11-02 14:51:45,145 [INFO] MicroXplorer:478 - Change Database Version : DB.6.0.30
2023-11-02 14:51:45,145 [INFO] OpenFileManager:313 - Change cursor
2023-11-02 14:51:45,162 [WARN] IntegrityCheckThread:78 - waiting for thirdparty lock release [integrity check]
2023-11-02 14:51:45,162 [INFO] IntegrityCheckThread:80 - entering critical section [integrity check]
2023-11-02 14:51:45,314 [ERROR] Engine:463 - C:\Users\ACER\.stm32cubemx\thirdparties\pdsc\STMicroelectronics.X-CUBE-SMBUS.2.1.0.pdsc: PDSC version is not supported
2023-11-02 14:51:45,377 [WARN] PackLoader:238 - Cannot read IP mode file for STMicroelectronics.X-CUBE-AZRTOS-F7.1.1.0
2023-11-02 14:51:45,386 [ERROR] Engine:463 - C:\Users\ACER\.stm32cubemx\thirdparties\pdsc\STMicroelectronics.FP-SNS-MOTENV1.4.3.2.pdsc: PDSC version is not supported
2023-11-02 14:51:45,387 [ERROR] Engine:463 - C:\Users\ACER\.stm32cubemx\thirdparties\pdsc\STMicroelectronics.FP-SNS-FLIGHT1.5.0.2.pdsc: PDSC version is not supported
2023-11-02 14:51:45,391 [ERROR] Engine:463 - C:\Users\ACER\.stm32cubemx\thirdparties\pdsc\STMicroelectronics.X-CUBE-DISPLAY.3.0.0.pdsc: PDSC version is not supported
2023-11-02 14:51:45,398 [WARN] PackLoader:238 - Cannot read IP mode file for STMicroelectronics.X-CUBE-BLE1.7.0.0
2023-11-02 14:51:45,401 [ERROR] Engine:463 - C:\Users\ACER\.stm32cubemx\thirdparties\pdsc\emotas.I-CUBE-CANOPEN.1.3.0.pdsc: PDSC version is not supported
2023-11-02 14:51:45,405 [WARN] PackLoader:238 - Cannot read IP mode file for STMicroelectronics.X-CUBE-TOUCHGFX.4.22.0
2023-11-02 14:51:45,407 [WARN] PackLoader:238 - Cannot read IP mode file for STMicroelectronics.X-CUBE-TOUCHGFX.4.22.1
2023-11-02 14:51:45,410 [ERROR] Engine:463 - C:\Users\ACER\.stm32cubemx\thirdparties\pdsc\STMicroelectronics.FP-SNS-SMARTAG2.1.2.0.pdsc: PDSC version is not supported
2023-11-02 14:51:45,421 [INFO] LogOutputStream:76 - [STDOUT_REDIRECT] 1 : Invalid condition id : UX_CORESTACK_Condition cause : null
2023-11-02 14:51:45,424 [INFO] LogOutputStream:76 - [STDOUT_REDIRECT] 1 : Invalid condition id : UX_CORESTACK_Condition cause : null
2023-11-02 14:51:45,426 [INFO] LogOutputStream:76 - [STDOUT_REDIRECT] 1 : Invalid condition id : UX_CORESTACK_Condition cause : null
2023-11-02 14:51:45,427 [INFO] LogOutputStream:76 - [STDOUT_REDIRECT] 1 : Invalid condition id : UX_CORESTACK_Condition cause : null
2023-11-02 14:51:45,429 [INFO] LogOutputStream:76 - [STDOUT_REDIRECT] 1 : Invalid condition id : UX_CORESTACK_Condition cause : null
2023-11-02 14:51:45,433 [WARN] PackLoader:238 - Cannot read IP mode file for STMicroelectronics.X-CUBE-AZRTOS-WL.2.0.0
2023-11-02 14:51:45,442 [WARN] PackLoader:238 - Cannot read IP mode file for WES.I-CUBE-Cesium.1.3.0
2023-11-02 14:51:45,447 [WARN] PackLoader:238 - Cannot read IP mode file for STMicroelectronics.X-CUBE-BLE2.3.3.0
2023-11-02 14:51:45,455 [WARN] PackLoader:238 - Cannot read IP mode file for STMicroelectronics.X-CUBE-ALGOBUILD.1.3.0
2023-11-02 14:51:45,476 [WARN] PackLoader:238 - Cannot read IP mode file for STMicroelectronics.X-CUBE-AZRTOS-G0.1.1.0
2023-11-02 14:51:45,485 [WARN] PackLoader:238 - Cannot read IP mode file for STMicroelectronics.X-CUBE-NFC4.3.0.0
2023-11-02 14:51:45,491 [ERROR] Engine:463 - C:\Users\ACER\.stm32cubemx\thirdparties\pdsc\STMicroelectronics.X-CUBE-BLEMGR.3.0.0.pdsc: PDSC version is not supported
2023-11-02 14:51:45,494 [WARN] PackLoader:238 - Cannot read IP mode file for STMicroelectronics.FP-ATR-SIGFOX1.3.2.0
2023-11-02 14:51:45,547 [WARN] PackLoader:238 - Cannot read IP mode file for SEGGER.I-CUBE-embOS.1.3.1
2023-11-02 14:51:45,603 [WARN] PackLoader:238 - Cannot read IP mode file for STMicroelectronics.X-CUBE-GNSS1.6.0.0
2023-11-02 14:51:45,627 [WARN] PackLoader:238 - Cannot read IP mode file for STMicroelectronics.X-CUBE-AZRTOS-F4.1.1.0
2023-11-02 14:51:45,635 [WARN] PackLoader:238 - Cannot read IP mode file for wolfSSL.I-CUBE-wolfSSL.5.6.3
2023-11-02 14:51:45,658 [WARN] PackLoader:238 - Cannot read IP mode file for STMicroelectronics.X-CUBE-AZRTOS-L5.2.0.0
2023-11-02 14:51:45,741 [WARN] PackLoader:238 - Cannot read IP mode file for STMicroelectronics.X-CUBE-MEMS1.9.6.0
2023-11-02 14:51:45,970 [WARN] PackLoader:238 - Cannot read IP mode file for STMicroelectronics.X-CUBE-EEPRMA1.4.2.0
2023-11-02 14:51:45,974 [ERROR] Engine:463 - C:\Users\ACER\.stm32cubemx\thirdparties\pdsc\ITTIA_DB.I-CUBE-ITTIADB.8.8.0.pdsc: PDSC version is not supported
2023-11-02 14:51:45,982 [WARN] PackLoader:238 - Cannot read IP mode file for STMicroelectronics.X-CUBE-BLEMGR.2.0.0
2023-11-02 14:51:46,004 [WARN] ConditionMgr:437 - getConditionDescription Invalid condition id : UX DEVICE CLASS RTOS Condition cause : null
2023-11-02 14:51:46,005 [WARN] ConditionMgr:437 - getConditionDescription Invalid condition id : UX DEVICE CLASS RTOS Condition cause : null
2023-11-02 14:51:46,008 [WARN] PackLoader:238 - Cannot read IP mode file for STMicroelectronics.X-CUBE-AZRTOS-H7.3.1.0
2023-11-02 14:51:46,009 [WARN] ConditionMgr:1038 - genDependencies : Invalid condition id : UX DEVICE CLASS RTOS Condition cause : null
2023-11-02 14:51:46,009 [WARN] ConditionMgr:1038 - genDependencies : Invalid condition id : UX DEVICE CLASS RTOS Condition cause : null
2023-11-02 14:51:46,010 [WARN] ConditionMgr:1038 - genDependencies : Invalid condition id : UX DEVICE CLASS RTOS Condition cause : null
2023-11-02 14:51:46,010 [WARN] ConditionMgr:1038 - genDependencies : Invalid condition id : UX DEVICE CLASS RTOS Condition cause : null
2023-11-02 14:51:46,010 [WARN] ConditionMgr:1038 - genDependencies : Invalid condition id : UX DEVICE CLASS RTOS Condition cause : null
2023-11-02 14:51:46,017 [WARN] PackLoader:238 - Cannot read IP mode file for STMicroelectronics.X-CUBE-NFC7.1.0.1
2023-11-02 14:51:46,035 [WARN] PackLoader:238 - Cannot read IP mode file for STMicroelectronics.X-CUBE-NFC6.3.0.0
2023-11-02 14:51:46,043 [WARN] PackLoader:238 - Cannot read IP mode file for STMicroelectronics.X-CUBE-EEPRMA1.4.1.0
2023-11-02 14:51:46,048 [WARN] PackLoader:238 - Cannot read IP mode file for STMicroelectronics.X-CUBE-AI.8.1.0
2023-11-02 14:51:46,070 [WARN] ConditionMgr:437 - getConditionDescription Invalid condition id : LAN8742 Phy interface Condition cause : null
2023-11-02 14:51:46,071 [WARN] PackLoader:238 - Cannot read IP mode file for STMicroelectronics.X-CUBE-AZRTOS-L4.2.0.0
2023-11-02 14:51:46,072 [WARN] ConditionMgr:1038 - genDependencies : Invalid condition id : LAN8742 Phy interface Condition cause : null
2023-11-02 14:51:46,072 [WARN] ConditionMgr:1038 - genDependencies : Invalid condition id : LAN8742 Phy interface Condition cause : null
2023-11-02 14:51:46,073 [WARN] ConditionMgr:1038 - genDependencies : Invalid condition id : LAN8742 Phy interface Condition cause : null
2023-11-02 14:51:46,080 [WARN] PackLoader:238 - Cannot read IP mode file for STMicroelectronics.X-CUBE-SFXS2LP1.4.0.0
2023-11-02 14:51:46,085 [WARN] PackLoader:238 - Cannot read IP mode file for STMicroelectronics.X-CUBE-ISPU.1.1.0
2023-11-02 14:51:46,101 [WARN] ConditionMgr:437 - getConditionDescription Invalid condition id : UX DEVICE CLASS RTOS Condition cause : null
2023-11-02 14:51:46,101 [WARN] ConditionMgr:437 - getConditionDescription Invalid condition id : UX DEVICE CLASS RTOS Condition cause : null
2023-11-02 14:51:46,103 [WARN] PackLoader:238 - Cannot read IP mode file for STMicroelectronics.X-CUBE-AZRTOS-WB.2.0.0
2023-11-02 14:51:46,104 [WARN] ConditionMgr:1038 - genDependencies : Invalid condition id : UX DEVICE CLASS RTOS Condition cause : null
2023-11-02 14:51:46,104 [WARN] ConditionMgr:1038 - genDependencies : Invalid condition id : UX DEVICE CLASS RTOS Condition cause : null
2023-11-02 14:51:46,105 [WARN] ConditionMgr:1038 - genDependencies : Invalid condition id : UX DEVICE CLASS RTOS Condition cause : null
2023-11-02 14:51:46,105 [WARN] ConditionMgr:1038 - genDependencies : Invalid condition id : UX DEVICE CLASS RTOS Condition cause : null
2023-11-02 14:51:46,105 [WARN] ConditionMgr:1038 - genDependencies : Invalid condition id : UX DEVICE CLASS RTOS Condition cause : null
2023-11-02 14:51:46,117 [WARN] PackLoader:238 - Cannot read IP mode file for STMicroelectronics.X-CUBE-SUBG2.5.0.0
2023-11-02 14:51:46,129 [ERROR] Engine:463 - C:\Users\ACER\.stm32cubemx\thirdparties\pdsc\STMicroelectronics.X-CUBE-TOF1.3.3.1.pdsc: PDSC version is not supported
2023-11-02 14:51:46,146 [WARN] PackLoader:238 - Cannot read IP mode file for STMicroelectronics.X-CUBE-AZRTOS-G4.2.0.0
2023-11-02 14:51:46,156 [ERROR] Engine:463 - C:\Users\ACER\.stm32cubemx\thirdparties\pdsc\Infineon.AIROC-Wi-Fi-Bluetooth-STM32.1.5.1.pdsc: PDSC version is not supported
2023-11-02 14:51:46,197 [WARN] PackLoader:238 - Cannot read IP mode file for STMicroelectronics.X-CUBE-MEMS1.10.0.0
2023-11-02 14:51:46,392 [ERROR] Engine:463 - C:\Users\ACER\.stm32cubemx\thirdparties\pdsc\STMicroelectronics.X-CUBE-FREERTOS.1.1.0.pdsc: PDSC version is not supported
2023-11-02 14:51:46,402 [WARN] PackLoader:238 - Cannot read IP mode file for portGmbH.I-Cube-SoM-uGOAL.1.1.0
2023-11-02 14:51:46,409 [WARN] PackLoader:238 - Cannot read IP mode file for STMicroelectronics.X-CUBE-ALS.1.0.1
2023-11-02 14:51:46,414 [WARN] PackLoader:238 - Cannot read IP mode file for STMicroelectronics.FP-ATR-ASTRA1.2.0.0
2023-11-02 14:51:46,414 [INFO] ThirdParty:915 - Integrity check success = true
2023-11-02 14:51:46,414 [INFO] IntegrityCheckThread:94 - exiting critical section [integrity check]
2023-11-02 14:51:46,414 [INFO] IntegrityCheckThread:97 - End integrity checks thread
2023-11-02 14:51:47,193 [INFO] Context:592 - Trying to add GPIOservice into a context  which must be forbidden
2023-11-02 14:51:47,387 [INFO] ImportTextPane:167 - (OptionalMessage_ERROR) Unable to find key (Mcu.ThirdPartyNb) in loaded IOC file
2023-11-02 14:51:47,387 [INFO] ImportTextPane:167 - (OptionalMessage_ERROR) Unable to find key (Mcu.PinsNb) in loaded IOC file
2023-11-02 14:51:47,387 [INFO] ImportTextPane:167 - (OptionalMessage_ERROR) Unable to find key (Mcu.IPNb) in loaded IOC file
2023-11-02 14:51:47,436 [WARN] ApiManager:304 - Cannot register API 'Board Extension:GNSS1A1' from pack STMicroelectronics.X-CUBE-GNSS1.6.0.0: no header file found
2023-11-02 14:51:47,436 [WARN] ApiManager:304 - Cannot register API 'Board Support:Custom' from pack STMicroelectronics.X-CUBE-GNSS1.6.0.0: no header file found
2023-11-02 14:51:47,436 [WARN] ApiManager:304 - Cannot register API 'Data Exchange:lib_gnss' from pack STMicroelectronics.X-CUBE-GNSS1.6.0.0: no header file found
2023-11-02 14:51:47,703 [WARN] ApiManager:304 - Cannot register API 'Board Extension:IKS01A3' from pack STMicroelectronics.X-CUBE-MEMS1.9.6.0: no header file found
2023-11-02 14:51:47,703 [WARN] ApiManager:304 - Cannot register API 'Board Extension:IKS01A2' from pack STMicroelectronics.X-CUBE-MEMS1.9.6.0: no header file found
2023-11-02 14:51:47,703 [WARN] ApiManager:304 - Cannot register API 'Board Extension:IKS02A1' from pack STMicroelectronics.X-CUBE-MEMS1.9.6.0: no header file found
2023-11-02 14:51:47,710 [WARN] ApiManager:304 - Cannot register API 'Board Extension:EEPRMA2' from pack STMicroelectronics.X-CUBE-EEPRMA1.4.2.0: no header file found
2023-11-02 14:51:47,710 [WARN] ApiManager:304 - Cannot register API 'Board Extension:PGEEZ1' from pack STMicroelectronics.X-CUBE-EEPRMA1.4.2.0: no header file found
2023-11-02 14:51:47,710 [WARN] ApiManager:304 - Cannot register API 'Board Part:M24' from pack STMicroelectronics.X-CUBE-EEPRMA1.4.2.0: no header file found
2023-11-02 14:51:47,711 [WARN] ApiManager:304 - Cannot register API 'Board Part:M95' from pack STMicroelectronics.X-CUBE-EEPRMA1.4.2.0: no header file found
2023-11-02 14:51:47,711 [WARN] ApiManager:304 - Cannot register API 'Board Part:M95P32' from pack STMicroelectronics.X-CUBE-EEPRMA1.4.2.0: no header file found
2023-11-02 14:51:47,711 [WARN] ApiManager:304 - Cannot register API 'PGEEZ1:SPI' from pack STMicroelectronics.X-CUBE-EEPRMA1.4.2.0: no header file found
2023-11-02 14:51:47,711 [WARN] ApiManager:304 - Cannot register API 'PGEEZ1:QDSPI' from pack STMicroelectronics.X-CUBE-EEPRMA1.4.2.0: no header file found
2023-11-02 14:51:47,714 [INFO] RtosManager:484 - Registered RTOS mode: class=CMSIS, group=RTOS, mode=CMSIS_V1, owner=FREERTOS
2023-11-02 14:51:47,714 [INFO] RtosManager:484 - Registered RTOS mode: class=CMSIS, group=RTOS2, mode=CMSIS_V2, owner=FREERTOS
2023-11-02 14:51:47,715 [INFO] RtosManager:484 - Registered RTOS mode: class=RTOS, group=Core, mode=CMSIS_V1, owner=FREERTOS
2023-11-02 14:51:47,715 [INFO] RtosManager:484 - Registered RTOS mode: class=RTOS, group=Core, mode=CMSIS_V2, owner=FREERTOS
2023-11-02 14:51:47,715 [WARN] ModelIntegratedComponent:181 - Missing modes for component STMicroelectronics:FreeRTOS:0.0.1:STMicroelectronics:RTOS:FreeRTOS:Core:::10.2.0:
2023-11-02 14:51:47,717 [WARN] ApiManager:304 - Cannot register API 'Board Extension:NFC04A1' from pack STMicroelectronics.X-CUBE-NFC4.3.0.0: no header file found
2023-11-02 14:51:47,720 [WARN] ApiManager:304 - Cannot register API 'Board Extension:S2868A1' from pack STMicroelectronics.X-CUBE-SUBG2.5.0.0: no header file found
2023-11-02 14:51:47,721 [WARN] ApiManager:304 - Cannot register API 'Board Extension:S2868A2' from pack STMicroelectronics.X-CUBE-SUBG2.5.0.0: no header file found
2023-11-02 14:51:47,721 [WARN] ApiManager:304 - Cannot register API 'Board Extension:S2915A1' from pack STMicroelectronics.X-CUBE-SUBG2.5.0.0: no header file found
2023-11-02 14:51:47,724 [WARN] ApiManager:304 - Cannot register API 'Wireless:BlueNRG-MS' from pack STMicroelectronics.X-CUBE-BLE1.7.0.0: no header file found
2023-11-02 14:51:47,725 [WARN] ModelIntegratedComponent:60 - No mode defined for component null
2023-11-02 14:51:47,726 [WARN] ModelIntegratedComponent:60 - No mode defined for component null
2023-11-02 14:51:47,726 [WARN] ModelIntegratedComponent:60 - No mode defined for component null
2023-11-02 14:51:47,726 [WARN] ModelIntegratedComponent:60 - No mode defined for component null
2023-11-02 14:51:47,726 [WARN] ModelIntegratedComponent:60 - No mode defined for component null
2023-11-02 14:51:47,726 [WARN] ModelIntegratedComponent:60 - No mode defined for component null
2023-11-02 14:51:47,726 [WARN] ModelIntegratedComponent:60 - No mode defined for component null
2023-11-02 14:51:47,726 [WARN] ModelIntegratedComponent:60 - No mode defined for component null
2023-11-02 14:51:47,726 [WARN] ModelIntegratedComponent:60 - No mode defined for component null
2023-11-02 14:51:47,726 [WARN] ModelIntegratedComponent:60 - No mode defined for component null
2023-11-02 14:51:47,726 [WARN] ModelIntegratedComponent:60 - No mode defined for component null
2023-11-02 14:51:47,727 [WARN] ModelIntegratedComponent:60 - No mode defined for component null
2023-11-02 14:51:47,727 [WARN] ModelIntegratedComponent:60 - No mode defined for component null
2023-11-02 14:51:47,727 [WARN] ModelIntegratedComponent:60 - No mode defined for component null
2023-11-02 14:51:47,727 [WARN] ModelIntegratedComponent:60 - No mode defined for component null
2023-11-02 14:51:47,727 [WARN] ModelIntegratedComponent:60 - No mode defined for component null
2023-11-02 14:51:47,727 [WARN] ModelIntegratedComponent:60 - No mode defined for component null
2023-11-02 14:51:47,727 [WARN] ModelIntegratedComponent:60 - No mode defined for component null
2023-11-02 14:51:47,727 [WARN] ModelIntegratedComponent:60 - No mode defined for component null
2023-11-02 14:51:47,727 [WARN] ModelIntegratedComponent:60 - No mode defined for component null
2023-11-02 14:51:47,727 [WARN] ModelIntegratedComponent:60 - No mode defined for component null
2023-11-02 14:51:47,728 [WARN] ModelIntegratedComponent:60 - No mode defined for component null
2023-11-02 14:51:47,728 [WARN] ModelIntegratedComponent:60 - No mode defined for component null
2023-11-02 14:51:47,728 [WARN] ModelIntegratedComponent:60 - No mode defined for component null
2023-11-02 14:51:47,728 [WARN] ModelIntegratedComponent:60 - No mode defined for component null
2023-11-02 14:51:47,728 [WARN] ModelIntegratedComponent:60 - No mode defined for component null
2023-11-02 14:51:47,728 [WARN] ModelIntegratedComponent:60 - No mode defined for component null
2023-11-02 14:51:47,728 [WARN] ModelIntegratedComponent:60 - No mode defined for component null
2023-11-02 14:51:47,728 [WARN] ModelIntegratedComponent:60 - No mode defined for component null
2023-11-02 14:51:47,728 [WARN] ModelIntegratedComponent:60 - No mode defined for component null
2023-11-02 14:51:47,728 [WARN] ModelIntegratedComponent:60 - No mode defined for component null
2023-11-02 14:51:47,931 [WARN] ApiManager:304 - Cannot register API 'Board Extension:IKS01A3' from pack STMicroelectronics.X-CUBE-MEMS1.10.0.0: no header file found
2023-11-02 14:51:47,932 [WARN] ApiManager:304 - Cannot register API 'Board Extension:IKS02A1' from pack STMicroelectronics.X-CUBE-MEMS1.10.0.0: no header file found
2023-11-02 14:51:47,932 [WARN] ApiManager:304 - Cannot register API 'Board Extension:IKS4A1' from pack STMicroelectronics.X-CUBE-MEMS1.10.0.0: no header file found
2023-11-02 14:51:47,939 [WARN] ApiManager:304 - Cannot register API 'Board Extension:NFC07A1' from pack STMicroelectronics.X-CUBE-NFC7.1.0.1: no header file found
2023-11-02 14:51:47,940 [WARN] ApiManager:304 - Cannot register API 'Board Extension:NFC06A1' from pack STMicroelectronics.X-CUBE-NFC6.3.0.0: no header file found
2023-11-02 14:51:47,940 [WARN] ApiManager:304 - Cannot register API 'Board Extension:NFC08A1' from pack STMicroelectronics.X-CUBE-NFC6.3.0.0: no header file found
2023-11-02 14:51:47,941 [WARN] ApiManager:304 - Cannot register API 'Board Extension:EEPRMA1' from pack STMicroelectronics.X-CUBE-EEPRMA1.4.1.0: no header file found
2023-11-02 14:51:47,941 [WARN] ApiManager:304 - Cannot register API 'Board Extension:EEPRMA2' from pack STMicroelectronics.X-CUBE-EEPRMA1.4.1.0: no header file found
2023-11-02 14:51:47,941 [WARN] ApiManager:304 - Cannot register API 'Board Extension:PGEEZ1' from pack STMicroelectronics.X-CUBE-EEPRMA1.4.1.0: no header file found
2023-11-02 14:51:47,941 [WARN] ApiManager:304 - Cannot register API 'Board Part:M24' from pack STMicroelectronics.X-CUBE-EEPRMA1.4.1.0: no header file found
2023-11-02 14:51:47,941 [WARN] ApiManager:304 - Cannot register API 'Board Part:M95' from pack STMicroelectronics.X-CUBE-EEPRMA1.4.1.0: no header file found
2023-11-02 14:51:47,941 [WARN] ApiManager:304 - Cannot register API 'Board Part:M95P32' from pack STMicroelectronics.X-CUBE-EEPRMA1.4.1.0: no header file found
2023-11-02 14:51:47,941 [WARN] ApiManager:304 - Cannot register API 'PGEEZ1:SPI' from pack STMicroelectronics.X-CUBE-EEPRMA1.4.1.0: no header file found
2023-11-02 14:51:47,941 [WARN] ApiManager:304 - Cannot register API 'PGEEZ1:QDSPI' from pack STMicroelectronics.X-CUBE-EEPRMA1.4.1.0: no header file found
2023-11-02 14:51:47,949 [WARN] ApiManager:304 - Cannot register API 'Board Extension:S2868A1' from pack STMicroelectronics.X-CUBE-SFXS2LP1.4.0.0: no header file found
2023-11-02 14:51:47,949 [WARN] ApiManager:304 - Cannot register API 'Board Extension:S2868A2' from pack STMicroelectronics.X-CUBE-SFXS2LP1.4.0.0: no header file found
2023-11-02 14:51:47,949 [WARN] ApiManager:304 - Cannot register API 'Board Extension:S2915A1' from pack STMicroelectronics.X-CUBE-SFXS2LP1.4.0.0: no header file found
2023-11-02 14:51:47,950 [WARN] ApiManager:304 - Cannot register API 'Wireless:BlueNRG-2' from pack STMicroelectronics.X-CUBE-BLE2.3.3.0: no header file found
2023-11-02 14:51:51,437 [INFO] UtilMem:74 - End LoadConfig() Used Memory: 875890368 Bytes (1022361600)
2023-11-02 14:51:51,440 [WARN] ThirdParty:779 - waiting for thirdparty lock release [change project]
2023-11-02 14:51:51,440 [INFO] ThirdParty:781 - entering critical section [change project]
2023-11-02 14:51:51,440 [INFO] ThirdParty:967 - CMSIS Pack Vendor :STMicroelectronics X-CUBE-ISPU 1.1.0
2023-11-02 14:51:51,440 [INFO] ThirdParty:967 - CMSIS Pack Vendor :STMicroelectronics X-CUBE-GNSS1 6.0.0
2023-11-02 14:51:51,440 [INFO] ThirdParty:967 - CMSIS Pack Vendor :STMicroelectronics USB_HOST 2.0.0
2023-11-02 14:51:51,440 [INFO] ThirdParty:967 - CMSIS Pack Vendor :STMicroelectronics X-CUBE-AZRTOS-F4 1.1.0
2023-11-02 14:51:51,440 [INFO] ThirdParty:967 - CMSIS Pack Vendor :wolfSSL I-CUBE-wolfSSL 5.6.3
2023-11-02 14:51:51,440 [INFO] ThirdParty:967 - CMSIS Pack Vendor :STMicroelectronics USB_DEVICE 3.0.0
2023-11-02 14:51:51,440 [INFO] ThirdParty:967 - CMSIS Pack Vendor :STMicroelectronics X-CUBE-AZRTOS-WB 2.0.0
2023-11-02 14:51:51,440 [INFO] ThirdParty:967 - CMSIS Pack Vendor :STMicroelectronics X-CUBE-AZRTOS-F7 1.1.0
2023-11-02 14:51:51,441 [INFO] ThirdParty:967 - CMSIS Pack Vendor :STMicroelectronics X-CUBE-AZRTOS-L5 2.0.0
2023-11-02 14:51:51,441 [INFO] ThirdParty:967 - CMSIS Pack Vendor :STMicroelectronics USB_DEVICE 2.0.0
2023-11-02 14:51:51,441 [INFO] ThirdParty:967 - CMSIS Pack Vendor :STMicroelectronics X-CUBE-MEMS1 9.6.0
2023-11-02 14:51:51,441 [INFO] ThirdParty:967 - CMSIS Pack Vendor :STMicroelectronics X-CUBE-EEPRMA1 4.2.0
2023-11-02 14:51:51,441 [INFO] ThirdParty:967 - CMSIS Pack Vendor :STMicroelectronics X-CUBE-ALGOBUILD 1.3.0
2023-11-02 14:51:51,441 [INFO] ThirdParty:967 - CMSIS Pack Vendor :STMicroelectronics FreeRTOS 0.0.1
2023-11-02 14:51:51,441 [INFO] ThirdParty:967 - CMSIS Pack Vendor :STMicroelectronics X-CUBE-AZRTOS-G0 1.1.0
2023-11-02 14:51:51,441 [INFO] ThirdParty:967 - CMSIS Pack Vendor :STMicroelectronics X-CUBE-BLEMGR 2.0.0
2023-11-02 14:51:51,441 [INFO] ThirdParty:967 - CMSIS Pack Vendor :STMicroelectronics X-CUBE-NFC4 3.0.0
2023-11-02 14:51:51,441 [INFO] ThirdParty:967 - CMSIS Pack Vendor :STMicroelectronics X-CUBE-SUBG2 5.0.0
2023-11-02 14:51:51,441 [INFO] ThirdParty:967 - CMSIS Pack Vendor :STMicroelectronics lwIP 2.0.3
2023-11-02 14:51:51,441 [INFO] ThirdParty:967 - CMSIS Pack Vendor :STMicroelectronics USB_HOST 1.0.0
2023-11-02 14:51:51,441 [INFO] ThirdParty:967 - CMSIS Pack Vendor :STMicroelectronics X-CUBE-AZRTOS-G4 2.0.0
2023-11-02 14:51:51,441 [INFO] ThirdParty:967 - CMSIS Pack Vendor :STMicroelectronics PDM2PCM 3.1.0
2023-11-02 14:51:51,441 [INFO] ThirdParty:967 - CMSIS Pack Vendor :STMicroelectronics X-CUBE-AZRTOS-H7 3.1.0
2023-11-02 14:51:51,441 [INFO] ThirdParty:967 - CMSIS Pack Vendor :STMicroelectronics PDM2PCM 3.3.0
2023-11-02 14:51:51,441 [INFO] ThirdParty:967 - CMSIS Pack Vendor :STMicroelectronics X-CUBE-BLE1 7.0.0
2023-11-02 14:51:51,441 [INFO] ThirdParty:967 - CMSIS Pack Vendor :STMicroelectronics FP-ATR-SIGFOX1 3.2.0
2023-11-02 14:51:51,441 [INFO] ThirdParty:967 - CMSIS Pack Vendor :STMicroelectronics HAL Drivers 0.0.0
2023-11-02 14:51:51,442 [INFO] ThirdParty:967 - CMSIS Pack Vendor :STMicroelectronics MBEDTLS 2.16.2
2023-11-02 14:51:51,442 [INFO] ThirdParty:967 - CMSIS Pack Vendor :STMicroelectronics X-CUBE-MEMS1 10.0.0
2023-11-02 14:51:51,442 [INFO] ThirdParty:967 - CMSIS Pack Vendor :STMicroelectronics X-CUBE-TOUCHGFX 4.22.0
2023-11-02 14:51:51,442 [INFO] ThirdParty:967 - CMSIS Pack Vendor :STMicroelectronics X-CUBE-NFC7 1.0.1
2023-11-02 14:51:51,442 [INFO] ThirdParty:967 - CMSIS Pack Vendor :STMicroelectronics MBEDTLS 2.14.1
2023-11-02 14:51:51,442 [INFO] ThirdParty:967 - CMSIS Pack Vendor :STMicroelectronics X-CUBE-TOUCHGFX 4.22.1
2023-11-02 14:51:51,442 [INFO] ThirdParty:967 - CMSIS Pack Vendor :STMicroelectronics X-CUBE-NFC6 3.0.0
2023-11-02 14:51:51,442 [INFO] ThirdParty:967 - CMSIS Pack Vendor :STMicroelectronics X-CUBE-EEPRMA1 4.1.0
2023-11-02 14:51:51,442 [INFO] ThirdParty:967 - CMSIS Pack Vendor :portGmbH I-Cube-SoM-uGOAL 1.1.0
2023-11-02 14:51:51,442 [INFO] ThirdParty:967 - CMSIS Pack Vendor :STMicroelectronics X-CUBE-ALS 1.0.1
2023-11-02 14:51:51,442 [INFO] ThirdParty:967 - CMSIS Pack Vendor :STMicroelectronics X-CUBE-AZRTOS-WL 2.0.0
2023-11-02 14:51:51,442 [INFO] ThirdParty:967 - CMSIS Pack Vendor :SEGGER I-CUBE-embOS 1.3.1
2023-11-02 14:51:51,443 [INFO] ThirdParty:967 - CMSIS Pack Vendor :STMicroelectronics USB_DEVICE 1.0.0
2023-11-02 14:51:51,443 [INFO] ThirdParty:967 - CMSIS Pack Vendor :STMicroelectronics X-CUBE-AI 8.1.0
2023-11-02 14:51:51,443 [INFO] ThirdParty:967 - CMSIS Pack Vendor :STMicroelectronics X-CUBE-AZRTOS-L4 2.0.0
2023-11-02 14:51:51,443 [INFO] ThirdParty:967 - CMSIS Pack Vendor :STMicroelectronics ThreadX 0.0.2
2023-11-02 14:51:51,443 [INFO] ThirdParty:967 - CMSIS Pack Vendor :WES I-CUBE-Cesium 1.3.0
2023-11-02 14:51:51,443 [INFO] ThirdParty:967 - CMSIS Pack Vendor :STMicroelectronics FP-ATR-ASTRA1 2.0.0
2023-11-02 14:51:51,443 [INFO] ThirdParty:967 - CMSIS Pack Vendor :STMicroelectronics lwIP 2.1.2
2023-11-02 14:51:51,443 [INFO] ThirdParty:967 - CMSIS Pack Vendor :STMicroelectronics X-CUBE-SFXS2LP1 4.0.0
2023-11-02 14:51:51,443 [INFO] ThirdParty:967 - CMSIS Pack Vendor :STMicroelectronics X-CUBE-BLE2 3.3.0
2023-11-02 14:51:51,443 [INFO] ThirdParty:967 - CMSIS Pack Vendor :STMicroelectronics PDM2PCM 3.2.0
2023-11-02 14:51:51,443 [INFO] ThirdParty:787 - exiting critical section [change project]
2023-11-02 14:51:51,667 [INFO] PinOutPanel:1463 - setPackage(No Configuration,No Configuration)
2023-11-02 14:51:51,668 [INFO] PinOutPanel:1463 - setPackage(STM32F103C6Tx,LQFP48)
2023-11-02 14:51:52,057 [INFO] UtilMem:74 - Before build in PCC Used Memory: 747996048 Bytes (1022361600)
2023-11-02 14:51:52,766 [INFO] UtilMem:74 - After build in PCC Used Memory: 827161488 Bytes (1022361600)
2023-11-02 14:51:52,814 [INFO] IPUIPlugin:74 - create IPUIPlugin
2023-11-02 14:51:52,814 [INFO] IPUIPlugin:74 - create IPUIPlugin
2023-11-02 14:51:52,814 [INFO] IPUIPlugin:74 - create IPUIPlugin
2023-11-02 14:51:52,815 [INFO] IPUIPlugin:74 - create IPUIPlugin
2023-11-02 14:51:52,815 [INFO] IPUIPlugin:74 - create IPUIPlugin
2023-11-02 14:51:52,816 [INFO] IPUIPlugin:74 - create IPUIPlugin
2023-11-02 14:51:52,816 [INFO] IPUIPlugin:74 - create IPUIPlugin
2023-11-02 14:51:52,817 [INFO] IPUIPlugin:74 - create IPUIPlugin
2023-11-02 14:51:52,817 [INFO] IPUIPlugin:74 - create IPUIPlugin
2023-11-02 14:51:52,818 [INFO] IPUIPlugin:74 - create IPUIPlugin
2023-11-02 14:51:52,818 [INFO] IPUIPlugin:74 - create IPUIPlugin
2023-11-02 14:51:52,819 [INFO] IPUIPlugin:74 - create IPUIPlugin
2023-11-02 14:51:52,820 [INFO] IPUIPlugin:74 - create IPUIPlugin
2023-11-02 14:51:52,821 [INFO] IPUIPlugin:74 - create IPUIPlugin
2023-11-02 14:51:52,822 [INFO] IPUIPlugin:74 - create IPUIPlugin
2023-11-02 14:51:52,822 [INFO] IPUIPlugin:74 - create IPUIPlugin
2023-11-02 14:51:52,823 [INFO] IPUIPlugin:74 - create IPUIPlugin
2023-11-02 14:51:52,824 [INFO] IPUIPlugin:74 - create IPUIPlugin
2023-11-02 14:51:52,825 [INFO] IPUIPlugin:74 - create IPUIPlugin
2023-11-02 14:51:52,826 [INFO] IPUIPlugin:74 - create IPUIPlugin
2023-11-02 14:51:52,828 [INFO] IPUIPlugin:74 - create IPUIPlugin
2023-11-02 14:51:52,829 [INFO] IPUIPlugin:74 - create IPUIPlugin
2023-11-02 14:51:52,830 [INFO] IPUIPlugin:74 - create IPUIPlugin
2023-11-02 14:51:53,013 [INFO] OpenFileManager:333 - Restore cursor
2023-11-02 14:51:54,067 [INFO] UtilMem:74 - End SaveConfig() Used Memory: 892494232 Bytes (1022361600)
2023-11-02 14:51:54,270 [INFO] UtilMem:74 - End SaveConfig() Used Memory: 905282448 Bytes (1022361600)
2023-11-02 14:51:54,827 [INFO] BlockDiagram:2740 - set Specific Code input for plugin: NVIC
2023-11-02 14:51:54,828 [INFO] BlockDiagram:2740 - set Specific Code input for plugin: SYS
2023-11-02 14:51:54,828 [INFO] BlockDiagram:2740 - set Specific Code input for plugin: RCC
2023-11-02 14:51:54,829 [INFO] CodeGenerator:663 - code generatio: config db path: D:\STMCubeIDE\STM32CubeIDE_1.7.0\STM32CubeIDE\plugins\com.st.stm32cube.common.mx_6.3.0.202107141111\\db\
2023-11-02 14:51:55,432 [INFO] CodeEngine:239 - oldGeneratedFile, D:\MCU_Lab\MCU_Lab3\STM32IDE\Buttons-Switches\MXTmpFiles\license.tmp_save
2023-11-02 14:51:55,953 [INFO] CodeEngine:257 - Generated code: D:\MCU_Lab\MCU_Lab3\STM32IDE\Buttons-Switches\MXTmpFiles\license.tmp
2023-11-02 14:51:56,068 [INFO] CodeEngine:239 - oldGeneratedFile, D:\MCU_Lab\MCU_Lab3\STM32IDE\Buttons-Switches\Core\Src\stm32f1xx_it.c_save
2023-11-02 14:51:56,236 [INFO] CodeEngine:257 - Generated code: D:\MCU_Lab\MCU_Lab3\STM32IDE\Buttons-Switches\Core\Src\stm32f1xx_it.c
2023-11-02 14:51:56,239 [INFO] CodeEngine:239 - oldGeneratedFile, D:\MCU_Lab\MCU_Lab3\STM32IDE\Buttons-Switches\Core\Inc\stm32f1xx_it.h_save
2023-11-02 14:51:56,325 [INFO] CodeEngine:257 - Generated code: D:\MCU_Lab\MCU_Lab3\STM32IDE\Buttons-Switches\Core\Inc\stm32f1xx_it.h
2023-11-02 14:51:56,332 [INFO] CodeEngine:239 - oldGeneratedFile, D:\MCU_Lab\MCU_Lab3\STM32IDE\Buttons-Switches\Core\Src\stm32f1xx_hal_msp.c_save
2023-11-02 14:51:56,542 [INFO] CodeEngine:257 - Generated code: D:\MCU_Lab\MCU_Lab3\STM32IDE\Buttons-Switches\Core\Src\stm32f1xx_hal_msp.c
2023-11-02 14:51:56,546 [INFO] CodeEngine:239 - oldGeneratedFile, D:\MCU_Lab\MCU_Lab3\STM32IDE\Buttons-Switches\MXTmpFiles\system.tmp_save
2023-11-02 14:51:56,659 [INFO] CodeEngine:257 - Generated code: D:\MCU_Lab\MCU_Lab3\STM32IDE\Buttons-Switches\MXTmpFiles\system.tmp
2023-11-02 14:51:56,668 [INFO] CodeEngine:239 - oldGeneratedFile, D:\MCU_Lab\MCU_Lab3\STM32IDE\Buttons-Switches\Core\Inc\stm32f1xx_hal_conf.h_save
2023-11-02 14:51:56,790 [INFO] CodeEngine:257 - Generated code: D:\MCU_Lab\MCU_Lab3\STM32IDE\Buttons-Switches\Core\Inc\stm32f1xx_hal_conf.h
2023-11-02 14:51:56,854 [INFO] CodeEngine:239 - oldGeneratedFile, D:\MCU_Lab\MCU_Lab3\STM32IDE\Buttons-Switches\Core\Inc\main.h_save
2023-11-02 14:51:56,945 [INFO] CodeEngine:257 - Generated code: D:\MCU_Lab\MCU_Lab3\STM32IDE\Buttons-Switches\Core\Inc\main.h
2023-11-02 14:51:56,948 [INFO] CodeEngine:239 - oldGeneratedFile, D:\MCU_Lab\MCU_Lab3\STM32IDE\Buttons-Switches\Core\Src\main.c_save
2023-11-02 14:51:57,102 [INFO] CodeEngine:257 - Generated code: D:\MCU_Lab\MCU_Lab3\STM32IDE\Buttons-Switches\Core\Src\main.c
2023-11-02 14:51:58,355 [INFO] ProjectBuilder:2578 - Time for Copy HAL[1] : 106mS.
2023-11-02 14:51:58,362 [INFO] ProjectBuilder:3622 - Project Generator version: 3.14.1
2023-11-02 14:51:59,105 [INFO] ConfigFileManager:1271 - The Die is : DIE412
2023-11-02 14:51:59,126 [INFO] ApiDbMcu:468 - Load IP Config File for FATFS
2023-11-02 14:51:59,180 [INFO] ApiDbMcu:468 - Load IP Config File for FREERTOS
2023-11-02 14:51:59,225 [INFO] ApiDbMcu:468 - Load IP Config File for USB_DEVICE
2023-11-02 14:52:04,482 [INFO] ProjectBuilder:3789 - Time for Generating toolchain IDE Files: 6120mS.
2023-11-02 14:52:04,483 [INFO] ProjectBuilder:2457 - Time for Copy CMSIS : 1mS.
2023-11-02 14:52:04,485 [INFO] ProjectBuilder:2457 - Time for Copy CMSIS : 0mS.
2023-11-02 14:52:05,012 [INFO] McuFinderGlobals:52 - Set McuFinderConnectedMode to true
2023-11-02 14:52:05,015 [INFO] ApiDb:276 - Save user favorites file C:\Users\ACER/.stm32cubeide/favorites.mcus.txt: 0 item(s)
2023-11-02 14:52:05,015 [INFO] ApiDb:280 - User favorites MCUs=[]
2023-11-02 14:56:32,964 [INFO] NvicIntPanel:96 - NVIC parent = com.st.microxplorer.plugins.ip.nvic.MultiNvicIntPanel[,0,0,0x0,invalid,layout=javax.swing.BoxLayout,alignmentX=0.0,alignmentY=0.0,border=,flags=9,maximumSize=,minimumSize=,preferredSize=]
2023-11-02 14:56:34,397 [INFO] NvicIntPanel:96 - NVIC parent = com.st.microxplorer.plugins.ip.nvic.MultiNvicIntPanel[,0,0,0x0,invalid,layout=javax.swing.BoxLayout,alignmentX=0.0,alignmentY=0.0,border=,flags=9,maximumSize=,minimumSize=,preferredSize=]
2023-11-02 14:56:44,707 [INFO] UtilMem:74 - End SaveConfig() Used Memory: 697978904 Bytes (1073741824)
2023-11-02 14:56:46,508 [INFO] UtilMem:74 - End SaveConfig() Used Memory: 715282456 Bytes (1073741824)
2023-11-02 14:56:48,967 [INFO] UtilMem:74 - End SaveConfig() Used Memory: 716380824 Bytes (1073741824)
2023-11-02 14:56:49,336 [INFO] BlockDiagram:2740 - set Specific Code input for plugin: NVIC
2023-11-02 14:56:49,336 [INFO] BlockDiagram:2740 - set Specific Code input for plugin: SYS
2023-11-02 14:56:49,336 [INFO] BlockDiagram:2740 - set Specific Code input for plugin: RCC
2023-11-02 14:56:49,337 [INFO] BlockDiagram:2740 - set Specific Code input for plugin: TIM1_8F1
2023-11-02 14:56:49,337 [INFO] CodeGenerator:663 - code generatio: config db path: D:\STMCubeIDE\STM32CubeIDE_1.7.0\STM32CubeIDE\plugins\com.st.stm32cube.common.mx_6.3.0.202107141111\\db\
2023-11-02 14:56:49,606 [INFO] CodeEngine:239 - oldGeneratedFile, D:\MCU_Lab\MCU_Lab3\STM32IDE\Buttons-Switches\MXTmpFiles\license.tmp_save
2023-11-02 14:56:49,712 [INFO] CodeEngine:257 - Generated code: D:\MCU_Lab\MCU_Lab3\STM32IDE\Buttons-Switches\MXTmpFiles\license.tmp
2023-11-02 14:56:49,907 [INFO] CodeEngine:239 - oldGeneratedFile, D:\MCU_Lab\MCU_Lab3\STM32IDE\Buttons-Switches\Core\Src\stm32f1xx_it.c_save
2023-11-02 14:56:50,008 [INFO] CodeEngine:257 - Generated code: D:\MCU_Lab\MCU_Lab3\STM32IDE\Buttons-Switches\Core\Src\stm32f1xx_it.c
2023-11-02 14:56:50,011 [INFO] CodeEngine:239 - oldGeneratedFile, D:\MCU_Lab\MCU_Lab3\STM32IDE\Buttons-Switches\Core\Inc\stm32f1xx_it.h_save
2023-11-02 14:56:50,083 [INFO] CodeEngine:257 - Generated code: D:\MCU_Lab\MCU_Lab3\STM32IDE\Buttons-Switches\Core\Inc\stm32f1xx_it.h
2023-11-02 14:56:50,100 [INFO] CodeEngine:239 - oldGeneratedFile, D:\MCU_Lab\MCU_Lab3\STM32IDE\Buttons-Switches\Core\Src\stm32f1xx_hal_msp.c_save
2023-11-02 14:56:50,205 [INFO] CodeEngine:257 - Generated code: D:\MCU_Lab\MCU_Lab3\STM32IDE\Buttons-Switches\Core\Src\stm32f1xx_hal_msp.c
2023-11-02 14:56:50,207 [INFO] CodeEngine:239 - oldGeneratedFile, D:\MCU_Lab\MCU_Lab3\STM32IDE\Buttons-Switches\MXTmpFiles\system.tmp_save
2023-11-02 14:56:50,285 [INFO] CodeEngine:257 - Generated code: D:\MCU_Lab\MCU_Lab3\STM32IDE\Buttons-Switches\MXTmpFiles\system.tmp
2023-11-02 14:56:50,296 [INFO] CodeEngine:239 - oldGeneratedFile, D:\MCU_Lab\MCU_Lab3\STM32IDE\Buttons-Switches\Core\Inc\stm32f1xx_hal_conf.h_save
2023-11-02 14:56:50,380 [INFO] CodeEngine:257 - Generated code: D:\MCU_Lab\MCU_Lab3\STM32IDE\Buttons-Switches\Core\Inc\stm32f1xx_hal_conf.h
2023-11-02 14:56:50,404 [WARN] IPConfigManager:3148 - IP not found : TIM
2023-11-02 14:56:50,404 [WARN] CodeGenerator:3268 - IP not found : null
2023-11-02 14:56:50,415 [INFO] CodeEngine:239 - oldGeneratedFile, D:\MCU_Lab\MCU_Lab3\STM32IDE\Buttons-Switches\Core\Inc\main.h_save
2023-11-02 14:56:50,486 [INFO] CodeEngine:257 - Generated code: D:\MCU_Lab\MCU_Lab3\STM32IDE\Buttons-Switches\Core\Inc\main.h
2023-11-02 14:56:50,496 [INFO] CodeEngine:239 - oldGeneratedFile, D:\MCU_Lab\MCU_Lab3\STM32IDE\Buttons-Switches\Core\Src\main.c_save
2023-11-02 14:56:50,623 [INFO] CodeEngine:257 - Generated code: D:\MCU_Lab\MCU_Lab3\STM32IDE\Buttons-Switches\Core\Src\main.c
2023-11-02 14:56:51,649 [INFO] ProjectBuilder:2578 - Time for Copy HAL[1] : 72mS.
2023-11-02 14:56:51,652 [INFO] ProjectBuilder:3622 - Project Generator version: 3.14.1
2023-11-02 14:56:52,266 [INFO] ConfigFileManager:1271 - The Die is : DIE412
2023-11-02 14:56:54,980 [INFO] ProjectBuilder:3789 - Time for Generating toolchain IDE Files: 3328mS.
2023-11-02 14:56:54,981 [INFO] ProjectBuilder:2457 - Time for Copy CMSIS : 1mS.
2023-11-02 14:56:54,984 [INFO] ProjectBuilder:2457 - Time for Copy CMSIS : 0mS.
2023-11-02 15:03:06,086 [INFO] UtilMem:74 - End SaveConfig() Used Memory: 825169792 Bytes (1073741824)
2023-11-02 15:03:07,065 [INFO] UtilMem:74 - End SaveConfig() Used Memory: 845619072 Bytes (1073741824)
2023-11-02 15:03:09,178 [INFO] UtilMem:74 - End SaveConfig() Used Memory: 882565040 Bytes (1073741824)
2023-11-02 15:03:09,484 [INFO] BlockDiagram:2740 - set Specific Code input for plugin: NVIC
2023-11-02 15:03:09,485 [INFO] BlockDiagram:2740 - set Specific Code input for plugin: SYS
2023-11-02 15:03:09,485 [INFO] BlockDiagram:2740 - set Specific Code input for plugin: GPIO
2023-11-02 15:03:09,485 [INFO] BlockDiagram:2740 - set Specific Code input for plugin: RCC
2023-11-02 15:03:09,485 [INFO] BlockDiagram:2740 - set Specific Code input for plugin: TIM1_8F1
2023-11-02 15:03:09,485 [INFO] CodeGenerator:663 - code generatio: config db path: D:\STMCubeIDE\STM32CubeIDE_1.7.0\STM32CubeIDE\plugins\com.st.stm32cube.common.mx_6.3.0.202107141111\\db\
2023-11-02 15:03:09,801 [INFO] CodeEngine:239 - oldGeneratedFile, D:\MCU_Lab\MCU_Lab3\STM32IDE\Buttons-Switches\MXTmpFiles\license.tmp_save
2023-11-02 15:03:09,904 [INFO] CodeEngine:257 - Generated code: D:\MCU_Lab\MCU_Lab3\STM32IDE\Buttons-Switches\MXTmpFiles\license.tmp
2023-11-02 15:03:09,970 [INFO] CodeEngine:239 - oldGeneratedFile, D:\MCU_Lab\MCU_Lab3\STM32IDE\Buttons-Switches\MXTmpFiles\gpio.tmp_save
2023-11-02 15:03:10,076 [INFO] CodeEngine:257 - Generated code: D:\MCU_Lab\MCU_Lab3\STM32IDE\Buttons-Switches\MXTmpFiles\gpio.tmp
2023-11-02 15:03:10,205 [INFO] CodeEngine:239 - oldGeneratedFile, D:\MCU_Lab\MCU_Lab3\STM32IDE\Buttons-Switches\Core\Src\stm32f1xx_it.c_save
2023-11-02 15:03:10,287 [INFO] CodeEngine:257 - Generated code: D:\MCU_Lab\MCU_Lab3\STM32IDE\Buttons-Switches\Core\Src\stm32f1xx_it.c
2023-11-02 15:03:10,290 [INFO] CodeEngine:239 - oldGeneratedFile, D:\MCU_Lab\MCU_Lab3\STM32IDE\Buttons-Switches\Core\Inc\stm32f1xx_it.h_save
2023-11-02 15:03:10,349 [INFO] CodeEngine:257 - Generated code: D:\MCU_Lab\MCU_Lab3\STM32IDE\Buttons-Switches\Core\Inc\stm32f1xx_it.h
2023-11-02 15:03:10,362 [INFO] CodeEngine:239 - oldGeneratedFile, D:\MCU_Lab\MCU_Lab3\STM32IDE\Buttons-Switches\Core\Src\stm32f1xx_hal_msp.c_save
2023-11-02 15:03:10,475 [INFO] CodeEngine:257 - Generated code: D:\MCU_Lab\MCU_Lab3\STM32IDE\Buttons-Switches\Core\Src\stm32f1xx_hal_msp.c
2023-11-02 15:03:10,477 [INFO] CodeEngine:239 - oldGeneratedFile, D:\MCU_Lab\MCU_Lab3\STM32IDE\Buttons-Switches\MXTmpFiles\system.tmp_save
2023-11-02 15:03:10,525 [INFO] CodeEngine:257 - Generated code: D:\MCU_Lab\MCU_Lab3\STM32IDE\Buttons-Switches\MXTmpFiles\system.tmp
2023-11-02 15:03:10,537 [INFO] CodeEngine:239 - oldGeneratedFile, D:\MCU_Lab\MCU_Lab3\STM32IDE\Buttons-Switches\Core\Inc\stm32f1xx_hal_conf.h_save
2023-11-02 15:03:10,619 [INFO] CodeEngine:257 - Generated code: D:\MCU_Lab\MCU_Lab3\STM32IDE\Buttons-Switches\Core\Inc\stm32f1xx_hal_conf.h
2023-11-02 15:03:10,655 [WARN] IPConfigManager:3148 - IP not found : TIM
2023-11-02 15:03:10,656 [WARN] CodeGenerator:3268 - IP not found : null
2023-11-02 15:03:10,667 [INFO] CodeEngine:239 - oldGeneratedFile, D:\MCU_Lab\MCU_Lab3\STM32IDE\Buttons-Switches\Core\Inc\main.h_save
2023-11-02 15:03:10,726 [INFO] CodeEngine:257 - Generated code: D:\MCU_Lab\MCU_Lab3\STM32IDE\Buttons-Switches\Core\Inc\main.h
2023-11-02 15:03:10,735 [INFO] CodeEngine:239 - oldGeneratedFile, D:\MCU_Lab\MCU_Lab3\STM32IDE\Buttons-Switches\Core\Src\main.c_save
2023-11-02 15:03:10,849 [INFO] CodeEngine:257 - Generated code: D:\MCU_Lab\MCU_Lab3\STM32IDE\Buttons-Switches\Core\Src\main.c
2023-11-02 15:03:11,774 [INFO] ProjectBuilder:2578 - Time for Copy HAL[1] : 53mS.
2023-11-02 15:03:11,776 [INFO] ProjectBuilder:3622 - Project Generator version: 3.14.1
2023-11-02 15:03:12,245 [INFO] ConfigFileManager:1271 - The Die is : DIE412
2023-11-02 15:03:14,025 [INFO] ProjectBuilder:3789 - Time for Generating toolchain IDE Files: 2249mS.
2023-11-02 15:03:14,026 [INFO] ProjectBuilder:2457 - Time for Copy CMSIS : 0mS.
2023-11-02 15:03:14,027 [INFO] ProjectBuilder:2457 - Time for Copy CMSIS : 0mS.
2023-11-02 15:14:59,621 [INFO] UtilMem:74 - End SaveConfig() Used Memory: 893603104 Bytes (1073741824)
2023-11-02 15:15:01,045 [INFO] UtilMem:74 - End SaveConfig() Used Memory: 910891376 Bytes (1073741824)
2023-11-02 15:15:05,627 [INFO] UtilMem:74 - End SaveConfig() Used Memory: 907912032 Bytes (1073741824)
2023-11-02 15:15:05,993 [INFO] BlockDiagram:2740 - set Specific Code input for plugin: NVIC
2023-11-02 15:15:05,994 [INFO] BlockDiagram:2740 - set Specific Code input for plugin: SYS
2023-11-02 15:15:05,994 [INFO] BlockDiagram:2740 - set Specific Code input for plugin: GPIO
2023-11-02 15:15:05,994 [INFO] BlockDiagram:2740 - set Specific Code input for plugin: RCC
2023-11-02 15:15:05,994 [INFO] BlockDiagram:2740 - set Specific Code input for plugin: TIM1_8F1
2023-11-02 15:15:05,997 [INFO] CodeGenerator:663 - code generatio: config db path: D:\STMCubeIDE\STM32CubeIDE_1.7.0\STM32CubeIDE\plugins\com.st.stm32cube.common.mx_6.3.0.202107141111\\db\
2023-11-02 15:15:06,340 [INFO] CodeEngine:239 - oldGeneratedFile, D:\MCU_Lab\MCU_Lab3\STM32IDE\Buttons-Switches\MXTmpFiles\license.tmp_save
2023-11-02 15:15:06,417 [INFO] CodeEngine:257 - Generated code: D:\MCU_Lab\MCU_Lab3\STM32IDE\Buttons-Switches\MXTmpFiles\license.tmp
2023-11-02 15:15:06,450 [INFO] CodeEngine:239 - oldGeneratedFile, D:\MCU_Lab\MCU_Lab3\STM32IDE\Buttons-Switches\MXTmpFiles\gpio.tmp_save
2023-11-02 15:15:06,519 [INFO] CodeEngine:257 - Generated code: D:\MCU_Lab\MCU_Lab3\STM32IDE\Buttons-Switches\MXTmpFiles\gpio.tmp
2023-11-02 15:15:06,654 [INFO] CodeEngine:239 - oldGeneratedFile, D:\MCU_Lab\MCU_Lab3\STM32IDE\Buttons-Switches\Core\Src\stm32f1xx_it.c_save
2023-11-02 15:15:06,778 [INFO] CodeEngine:257 - Generated code: D:\MCU_Lab\MCU_Lab3\STM32IDE\Buttons-Switches\Core\Src\stm32f1xx_it.c
2023-11-02 15:15:06,788 [INFO] CodeEngine:239 - oldGeneratedFile, D:\MCU_Lab\MCU_Lab3\STM32IDE\Buttons-Switches\Core\Inc\stm32f1xx_it.h_save
2023-11-02 15:15:06,843 [INFO] CodeEngine:257 - Generated code: D:\MCU_Lab\MCU_Lab3\STM32IDE\Buttons-Switches\Core\Inc\stm32f1xx_it.h
2023-11-02 15:15:06,856 [INFO] CodeEngine:239 - oldGeneratedFile, D:\MCU_Lab\MCU_Lab3\STM32IDE\Buttons-Switches\Core\Src\stm32f1xx_hal_msp.c_save
2023-11-02 15:15:06,961 [INFO] CodeEngine:257 - Generated code: D:\MCU_Lab\MCU_Lab3\STM32IDE\Buttons-Switches\Core\Src\stm32f1xx_hal_msp.c
2023-11-02 15:15:06,963 [INFO] CodeEngine:239 - oldGeneratedFile, D:\MCU_Lab\MCU_Lab3\STM32IDE\Buttons-Switches\MXTmpFiles\system.tmp_save
2023-11-02 15:15:07,018 [INFO] CodeEngine:257 - Generated code: D:\MCU_Lab\MCU_Lab3\STM32IDE\Buttons-Switches\MXTmpFiles\system.tmp
2023-11-02 15:15:07,031 [INFO] CodeEngine:239 - oldGeneratedFile, D:\MCU_Lab\MCU_Lab3\STM32IDE\Buttons-Switches\Core\Inc\stm32f1xx_hal_conf.h_save
2023-11-02 15:15:07,115 [INFO] CodeEngine:257 - Generated code: D:\MCU_Lab\MCU_Lab3\STM32IDE\Buttons-Switches\Core\Inc\stm32f1xx_hal_conf.h
2023-11-02 15:15:07,140 [WARN] IPConfigManager:3148 - IP not found : TIM
2023-11-02 15:15:07,141 [WARN] CodeGenerator:3268 - IP not found : null
2023-11-02 15:15:07,152 [INFO] CodeEngine:239 - oldGeneratedFile, D:\MCU_Lab\MCU_Lab3\STM32IDE\Buttons-Switches\Core\Inc\main.h_save
2023-11-02 15:15:07,229 [INFO] CodeEngine:257 - Generated code: D:\MCU_Lab\MCU_Lab3\STM32IDE\Buttons-Switches\Core\Inc\main.h
2023-11-02 15:15:07,242 [INFO] CodeEngine:239 - oldGeneratedFile, D:\MCU_Lab\MCU_Lab3\STM32IDE\Buttons-Switches\Core\Src\main.c_save
2023-11-02 15:15:07,381 [INFO] CodeEngine:257 - Generated code: D:\MCU_Lab\MCU_Lab3\STM32IDE\Buttons-Switches\Core\Src\main.c
2023-11-02 15:15:08,190 [INFO] ProjectBuilder:2578 - Time for Copy HAL[1] : 47mS.
2023-11-02 15:15:08,194 [INFO] ProjectBuilder:3622 - Project Generator version: 3.14.1
2023-11-02 15:15:08,672 [INFO] ConfigFileManager:1271 - The Die is : DIE412
2023-11-02 15:15:10,444 [INFO] ProjectBuilder:3789 - Time for Generating toolchain IDE Files: 2250mS.
2023-11-02 15:15:10,445 [INFO] ProjectBuilder:2457 - Time for Copy CMSIS : 1mS.
2023-11-02 15:15:10,447 [INFO] ProjectBuilder:2457 - Time for Copy CMSIS : 0mS.
2023-11-02 15:16:44,427 [INFO] Activator:177 - 


2023-11-02 15:16:44,429 [INFO] Activator:178 - !SESSION log4j initialized
